0 info it worked if it ends with ok
1 verbose cli [ '/usr/bin/node', '/usr/bin/npm', 'dedupe' ]
2 info using npm@3.5.2
3 info using node@v8.10.0
4 silly loadCurrentTree Starting
5 silly install loadCurrentTree
6 silly install readLocalPackageData
7 silly dedupe normalizeTree
8 silly install normalizeTree
9 silly loadCurrentTree Finishing
10 silly loadIdealTree Starting
11 silly install loadIdealTree
12 silly cloneCurrentTree Starting
13 silly install cloneCurrentTreeToIdealTree
14 silly cloneCurrentTree Finishing
15 silly loadAllDepsIntoIdealTree Starting
16 silly loadAllDepsIntoIdealTree Finishing
17 silly loadIdealTree Finishing
18 silly currentTree mycodes@1.0.0
18 silly currentTree ├── abbrev@1.1.1
18 silly currentTree ├─┬ ajv@4.11.8
18 silly currentTree │ └── co@4.6.0
18 silly currentTree ├── amdefine@1.0.1
18 silly currentTree ├── ansi-colors@1.1.0
18 silly currentTree ├── ansi-cyan@0.1.1
18 silly currentTree ├── ansi-gray@0.1.1
18 silly currentTree ├── ansi-red@0.1.1
18 silly currentTree ├── ansi-regex@2.1.1
18 silly currentTree ├── ansi-styles@2.2.1
18 silly currentTree ├── ansi-wrap@0.1.0
18 silly currentTree ├── aproba@1.2.0
18 silly currentTree ├─┬ archive-type@3.2.0
18 silly currentTree │ └── file-type@3.9.0
18 silly currentTree ├── archy@1.0.0
18 silly currentTree ├─┬ are-we-there-yet@1.1.5
18 silly currentTree │ ├── isarray@1.0.0
18 silly currentTree │ ├── readable-stream@2.3.6
18 silly currentTree │ └── string_decoder@1.1.1
18 silly currentTree ├── argparse@1.0.10
18 silly currentTree ├── arr-diff@4.0.0
18 silly currentTree ├── arr-flatten@1.1.0
18 silly currentTree ├── arr-union@3.1.0
18 silly currentTree ├── array-differ@1.0.0
18 silly currentTree ├── array-each@1.0.1
18 silly currentTree ├── array-find-index@1.0.2
18 silly currentTree ├── array-slice@1.1.0
18 silly currentTree ├── array-union@1.0.2
18 silly currentTree ├── array-uniq@1.0.3
18 silly currentTree ├── array-unique@0.3.2
18 silly currentTree ├── asn1@0.2.3
18 silly currentTree ├── assert-plus@0.2.0
18 silly currentTree ├── assign-symbols@1.0.0
18 silly currentTree ├── async-each-series@1.1.0
18 silly currentTree ├── async-foreach@0.1.3
18 silly currentTree ├── asynckit@0.4.0
18 silly currentTree ├── atob@2.1.1
18 silly currentTree ├── attempt-x@1.1.3
18 silly currentTree ├── autoprefixer@8.0.0
18 silly currentTree ├── aws-sign2@0.6.0
18 silly currentTree ├── aws4@1.7.0
18 silly currentTree ├── balanced-match@1.0.0
18 silly currentTree ├─┬ base@0.11.2
18 silly currentTree │ ├── define-property@1.0.0
18 silly currentTree │ ├── is-accessor-descriptor@1.0.0
18 silly currentTree │ ├── is-data-descriptor@1.0.0
18 silly currentTree │ └── is-descriptor@1.0.2
18 silly currentTree ├── bcrypt-pbkdf@1.0.2
18 silly currentTree ├── beeper@1.1.1
18 silly currentTree ├─┬ bin-build@2.2.0
18 silly currentTree │ ├── tempfile@1.1.1
18 silly currentTree │ └── uuid@2.0.3
18 silly currentTree ├── bin-check@2.0.0
18 silly currentTree ├── bin-version-check@2.1.0
18 silly currentTree ├── bin-version@1.0.4
18 silly currentTree ├── bin-wrapper@3.0.2
18 silly currentTree ├─┬ bl@1.2.1
18 silly currentTree │ ├── isarray@1.0.0
18 silly currentTree │ ├── readable-stream@2.3.4
18 silly currentTree │ └── string_decoder@1.0.3
18 silly currentTree ├── block-stream@0.0.9
18 silly currentTree ├─┬ body-parser@1.14.2
18 silly currentTree │ ├── debug@2.2.0
18 silly currentTree │ ├── ms@0.7.1
18 silly currentTree │ └── qs@5.2.0
18 silly currentTree ├── boolbase@1.0.0
18 silly currentTree ├── boom@2.10.1
18 silly currentTree ├── bootstrap@4.0.0-beta.2
18 silly currentTree ├── brace-expansion@1.1.11
18 silly currentTree ├─┬ braces@2.3.2
18 silly currentTree │ └── extend-shallow@2.0.1
18 silly currentTree ├── browserslist@3.1.1
18 silly currentTree ├── buffer-crc32@0.2.13
18 silly currentTree ├── buffer-from@0.1.1
18 silly currentTree ├─┬ buffer-to-vinyl@1.1.0
18 silly currentTree │ ├── file-type@3.9.0
18 silly currentTree │ ├── isarray@1.0.0
18 silly currentTree │ ├── readable-stream@2.3.4
18 silly currentTree │ ├── string_decoder@1.0.3
18 silly currentTree │ ├── uuid@2.0.3
18 silly currentTree │ └── vinyl@1.2.0
18 silly currentTree ├── builtin-modules@1.1.1
18 silly currentTree ├── bytes@2.2.0
18 silly currentTree ├── cache-base@1.0.1
18 silly currentTree ├── cached-constructors-x@1.0.2
18 silly currentTree ├── camelcase-keys@2.1.0
18 silly currentTree ├── camelcase@2.1.1
18 silly currentTree ├── caniuse-lite@1.0.30000810
18 silly currentTree ├── capture-stack-trace@1.0.0
18 silly currentTree ├── caseless@0.12.0
18 silly currentTree ├── caw@1.2.0
18 silly currentTree ├── chalk@1.1.3
18 silly currentTree ├─┬ class-utils@0.3.6
18 silly currentTree │ └── define-property@0.2.5
18 silly currentTree ├── cliui@3.2.0
18 silly currentTree ├── clone-buffer@1.0.0
18 silly currentTree ├── clone-stats@0.0.1
18 silly currentTree ├── clone@1.0.3
18 silly currentTree ├─┬ cloneable-readable@1.1.2
18 silly currentTree │ ├── isarray@1.0.0
18 silly currentTree │ ├── readable-stream@2.3.6
18 silly currentTree │ └── string_decoder@1.1.1
18 silly currentTree ├── co@3.1.0
18 silly currentTree ├── coa@2.0.1
18 silly currentTree ├── code-point-at@1.1.0
18 silly currentTree ├── collection-visit@1.0.0
18 silly currentTree ├── color-convert@1.9.1
18 silly currentTree ├── color-name@1.1.3
18 silly currentTree ├── color-support@1.1.3
18 silly currentTree ├── colors@1.1.2
18 silly currentTree ├── combined-stream@1.0.6
18 silly currentTree ├── commander@2.16.0
18 silly currentTree ├── component-emitter@1.2.1
18 silly currentTree ├── concat-map@0.0.1
18 silly currentTree ├─┬ concat-stream@1.6.0
18 silly currentTree │ ├── isarray@1.0.0
18 silly currentTree │ ├── readable-stream@2.3.4
18 silly currentTree │ └── string_decoder@1.0.3
18 silly currentTree ├── console-control-strings@1.1.0
18 silly currentTree ├── console-stream@0.1.1
18 silly currentTree ├── content-type@1.0.4
18 silly currentTree ├── convert-source-map@1.5.1
18 silly currentTree ├── copy-descriptor@0.1.1
18 silly currentTree ├── core-util-is@1.0.2
18 silly currentTree ├── create-error-class@3.0.2
18 silly currentTree ├─┬ cross-spawn@5.1.0
18 silly currentTree │ └── lru-cache@4.1.1
18 silly currentTree ├── cryptiles@2.0.5
18 silly currentTree ├── css-select-base-adapter@0.1.0
18 silly currentTree ├── css-select@1.3.0-rc0
18 silly currentTree ├── css-tree@1.0.0-alpha25
18 silly currentTree ├── css-url-regex@1.1.0
18 silly currentTree ├── css-what@2.1.0
18 silly currentTree ├─┬ csso@3.5.0
18 silly currentTree │ └── css-tree@1.0.0-alpha.27
18 silly currentTree ├── currently-unhandled@0.4.1
18 silly currentTree ├── dargs@3.0.1
18 silly currentTree ├─┬ dashdash@1.14.1
18 silly currentTree │ └── assert-plus@1.0.0
18 silly currentTree ├── dateformat@2.2.0
18 silly currentTree ├── debug@2.6.9
18 silly currentTree ├── decamelize@1.2.0
18 silly currentTree ├── decode-uri-component@0.2.0
18 silly currentTree ├─┬ decompress-tar@3.1.0
18 silly currentTree │ ├── clone@0.2.0
18 silly currentTree │ ├── object-assign@2.1.1
18 silly currentTree │ ├── readable-stream@1.0.34
18 silly currentTree │ ├── through2@0.6.5
18 silly currentTree │ └── vinyl@0.4.6
18 silly currentTree ├─┬ decompress-tarbz2@3.1.0
18 silly currentTree │ ├── clone@0.2.0
18 silly currentTree │ ├── object-assign@2.1.1
18 silly currentTree │ ├── readable-stream@1.0.34
18 silly currentTree │ ├── through2@0.6.5
18 silly currentTree │ └── vinyl@0.4.6
18 silly currentTree ├─┬ decompress-targz@3.1.0
18 silly currentTree │ ├── clone@0.2.0
18 silly currentTree │ ├── object-assign@2.1.1
18 silly currentTree │ ├── readable-stream@1.0.34
18 silly currentTree │ ├── through2@0.6.5
18 silly currentTree │ └── vinyl@0.4.6
18 silly currentTree ├─┬ decompress-unzip@3.4.0
18 silly currentTree │ └── vinyl@1.2.0
18 silly currentTree ├─┬ decompress@3.0.0
18 silly currentTree │ ├── arr-diff@2.0.0
18 silly currentTree │ ├── array-unique@0.2.1
18 silly currentTree │ ├── braces@1.8.5
18 silly currentTree │ ├── expand-brackets@0.1.5
18 silly currentTree │ ├── extglob@0.3.2
18 silly currentTree │ ├─┬ glob-stream@5.3.5
18 silly currentTree │ │ ├── isarray@0.0.1
18 silly currentTree │ │ ├── readable-stream@1.0.34
18 silly currentTree │ │ ├── string_decoder@0.10.31
18 silly currentTree │ │ └── through2@0.6.5
18 silly currentTree │ ├── glob@5.0.15
18 silly currentTree │ ├── graceful-fs@4.1.11
18 silly currentTree │ ├── is-extglob@1.0.0
18 silly currentTree │ ├── is-glob@2.0.1
18 silly currentTree │ ├── isarray@1.0.0
18 silly currentTree │ ├── kind-of@3.2.2
18 silly currentTree │ ├── micromatch@2.3.11
18 silly currentTree │ ├── object-assign@4.1.1
18 silly currentTree │ ├── ordered-read-streams@0.3.0
18 silly currentTree │ ├── readable-stream@2.3.4
18 silly currentTree │ ├── string_decoder@1.0.3
18 silly currentTree │ ├── strip-bom@2.0.0
18 silly currentTree │ ├── unique-stream@2.2.1
18 silly currentTree │ ├── vinyl-fs@2.4.4
18 silly currentTree │ └── vinyl@1.2.0
18 silly currentTree ├── deep-extend@0.4.2
18 silly currentTree ├── defaults@1.0.3
18 silly currentTree ├── define-properties@1.1.2
18 silly currentTree ├─┬ define-property@2.0.2
18 silly currentTree │ ├── is-accessor-descriptor@1.0.0
18 silly currentTree │ ├── is-data-descriptor@1.0.0
18 silly currentTree │ └── is-descriptor@1.0.2
18 silly currentTree ├── delayed-stream@1.0.0
18 silly currentTree ├── delegates@1.0.0
18 silly currentTree ├── depd@1.1.2
18 silly currentTree ├── deprecated@0.0.1
18 silly currentTree ├── detect-file@1.0.0
18 silly currentTree ├─┬ dom-serializer@0.1.0
18 silly currentTree │ └── domelementtype@1.1.3
18 silly currentTree ├── domelementtype@1.3.0
18 silly currentTree ├── domutils@1.5.1
18 silly currentTree ├─┬ download@4.4.3
18 silly currentTree │ ├── arr-diff@2.0.0
18 silly currentTree │ ├── array-unique@0.2.1
18 silly currentTree │ ├── braces@1.8.5
18 silly currentTree │ ├── expand-brackets@0.1.5
18 silly currentTree │ ├── extglob@0.3.2
18 silly currentTree │ ├─┬ glob-stream@5.3.5
18 silly currentTree │ │ ├── isarray@0.0.1
18 silly currentTree │ │ ├── readable-stream@1.0.34
18 silly currentTree │ │ ├── string_decoder@0.10.31
18 silly currentTree │ │ └── through2@0.6.5
18 silly currentTree │ ├── glob@5.0.15
18 silly currentTree │ ├── graceful-fs@4.1.11
18 silly currentTree │ ├── is-extglob@1.0.0
18 silly currentTree │ ├── is-glob@2.0.1
18 silly currentTree │ ├── isarray@1.0.0
18 silly currentTree │ ├── kind-of@3.2.2
18 silly currentTree │ ├── micromatch@2.3.11
18 silly currentTree │ ├── object-assign@4.1.1
18 silly currentTree │ ├── ordered-read-streams@0.3.0
18 silly currentTree │ ├── readable-stream@2.3.4
18 silly currentTree │ ├── string_decoder@1.0.3
18 silly currentTree │ ├── strip-bom@2.0.0
18 silly currentTree │ ├── unique-stream@2.2.1
18 silly currentTree │ ├── vinyl-fs@2.4.4
18 silly currentTree │ └── vinyl@1.2.0
18 silly currentTree ├── duplexer@0.1.1
18 silly currentTree ├── duplexer2@0.0.2
18 silly currentTree ├─┬ duplexify@3.5.3
18 silly currentTree │ ├── end-of-stream@1.4.1
18 silly currentTree │ ├── isarray@1.0.0
18 silly currentTree │ ├── once@1.4.0
18 silly currentTree │ ├── readable-stream@2.3.4
18 silly currentTree │ └── string_decoder@1.0.3
18 silly currentTree ├── each-async@1.1.1
18 silly currentTree ├── ecc-jsbn@0.1.1
18 silly currentTree ├── ee-first@1.1.1
18 silly currentTree ├── electron-to-chromium@1.3.34
18 silly currentTree ├── end-of-stream@0.1.5
18 silly currentTree ├── entities@1.1.1
18 silly currentTree ├── error-ex@1.3.1
18 silly currentTree ├── es-abstract@1.10.0
18 silly currentTree ├── es-to-primitive@1.1.1
18 silly currentTree ├── escape-string-regexp@1.0.5
18 silly currentTree ├── esprima@4.0.0
18 silly currentTree ├── event-stream@3.3.4
18 silly currentTree ├─┬ exec-buffer@3.2.0
18 silly currentTree │ └── pify@3.0.0
18 silly currentTree ├─┬ exec-series@1.0.3
18 silly currentTree │ └── object-assign@4.1.1
18 silly currentTree ├── execa@0.7.0
18 silly currentTree ├── executable@1.1.0
18 silly currentTree ├─┬ expand-brackets@2.1.4
18 silly currentTree │ ├── define-property@0.2.5
18 silly currentTree │ └── extend-shallow@2.0.1
18 silly currentTree ├─┬ expand-range@1.8.2
18 silly currentTree │ ├── fill-range@2.2.3
18 silly currentTree │ ├── is-number@2.1.0
18 silly currentTree │ ├── isarray@1.0.0
18 silly currentTree │ ├── isobject@2.1.0
18 silly currentTree │ └── kind-of@3.2.2
18 silly currentTree ├── expand-tilde@2.0.2
18 silly currentTree ├─┬ extend-shallow@3.0.2
18 silly currentTree │ └── is-extendable@1.0.1
18 silly currentTree ├── extend@3.0.1
18 silly currentTree ├─┬ extglob@2.0.4
18 silly currentTree │ ├── define-property@1.0.0
18 silly currentTree │ ├── extend-shallow@2.0.1
18 silly currentTree │ ├── is-accessor-descriptor@1.0.0
18 silly currentTree │ ├── is-data-descriptor@1.0.0
18 silly currentTree │ └── is-descriptor@1.0.2
18 silly currentTree ├── extsprintf@1.3.0
18 silly currentTree ├── fancy-log@1.3.2
18 silly currentTree ├── fast-deep-equal@1.1.0
18 silly currentTree ├── fast-json-stable-stringify@2.0.0
18 silly currentTree ├── faye-websocket@0.7.3
18 silly currentTree ├── fd-slicer@1.0.1
18 silly currentTree ├─┬ figures@1.7.0
18 silly currentTree │ └── object-assign@4.1.1
18 silly currentTree ├── file-type@4.4.0
18 silly currentTree ├── filename-regex@2.0.1
18 silly currentTree ├── filename-reserved-regex@1.0.0
18 silly currentTree ├── filenamify@1.2.1
18 silly currentTree ├─┬ fill-range@4.0.0
18 silly currentTree │ └── extend-shallow@2.0.1
18 silly currentTree ├── find-index@0.1.1
18 silly currentTree ├─┬ find-up@1.1.2
18 silly currentTree │ └── path-exists@2.1.0
18 silly currentTree ├── find-versions@1.2.1
18 silly currentTree ├── findup-sync@2.0.0
18 silly currentTree ├── fined@1.1.0
18 silly currentTree ├── first-chunk-stream@1.0.0
18 silly currentTree ├── flagged-respawn@1.0.0
18 silly currentTree ├── for-in@1.0.2
18 silly currentTree ├── for-own@1.0.0
18 silly currentTree ├── foreach@2.0.5
18 silly currentTree ├── forever-agent@0.6.1
18 silly currentTree ├── form-data@2.1.4
18 silly currentTree ├── fragment-cache@0.2.1
18 silly currentTree ├── from@0.1.7
18 silly currentTree ├── fs.realpath@1.0.0
18 silly currentTree ├─┬ fstream@1.0.11
18 silly currentTree │ └── graceful-fs@4.1.11
18 silly currentTree ├── function-bind@1.1.1
18 silly currentTree ├─┬ gauge@2.7.4
18 silly currentTree │ └── object-assign@4.1.1
18 silly currentTree ├── gaze@0.5.2
18 silly currentTree ├── get-caller-file@1.0.3
18 silly currentTree ├── get-proxy@1.1.0
18 silly currentTree ├── get-stdin@4.0.1
18 silly currentTree ├── get-stream@3.0.0
18 silly currentTree ├── get-value@2.0.6
18 silly currentTree ├─┬ getpass@0.1.7
18 silly currentTree │ └── assert-plus@1.0.0
18 silly currentTree ├── gifsicle@3.0.4
18 silly currentTree ├─┬ glob-base@0.3.0
18 silly currentTree │ ├── glob-parent@2.0.0
18 silly currentTree │ ├── is-extglob@1.0.0
18 silly currentTree │ └── is-glob@2.0.1
18 silly currentTree ├── glob-parent@3.1.0
18 silly currentTree ├─┬ glob-stream@3.1.18
18 silly currentTree │ ├── readable-stream@1.0.34
18 silly currentTree │ └── through2@0.6.5
18 silly currentTree ├── glob-watcher@0.0.6
18 silly currentTree ├── glob@4.5.3
18 silly currentTree ├── glob2base@0.0.12
18 silly currentTree ├── global-modules@1.0.0
18 silly currentTree ├── global-prefix@1.0.2
18 silly currentTree ├─┬ globby@6.1.0
18 silly currentTree │ ├── glob@7.1.2
18 silly currentTree │ ├── minimatch@3.0.4
18 silly currentTree │ └── object-assign@4.1.1
18 silly currentTree ├─┬ globule@0.1.0
18 silly currentTree │ ├── glob@3.1.21
18 silly currentTree │ ├── graceful-fs@1.2.3
18 silly currentTree │ ├── inherits@1.0.2
18 silly currentTree │ └── minimatch@0.2.14
18 silly currentTree ├── glogg@1.0.1
18 silly currentTree ├─┬ got@5.7.1
18 silly currentTree │ ├── duplexer2@0.1.4
18 silly currentTree │ ├── isarray@1.0.0
18 silly currentTree │ ├── object-assign@4.1.1
18 silly currentTree │ ├── readable-stream@2.3.4
18 silly currentTree │ └── string_decoder@1.0.3
18 silly currentTree ├── graceful-fs@3.0.11
18 silly currentTree ├── graceful-readlink@1.0.1
18 silly currentTree ├─┬ gulp-autoprefixer@5.0.0
18 silly currentTree │ └── plugin-error@1.0.1
18 silly currentTree ├─┬ gulp-decompress@1.2.0
18 silly currentTree │ ├── isarray@1.0.0
18 silly currentTree │ ├── readable-stream@2.3.4
18 silly currentTree │ └── string_decoder@1.0.3
18 silly currentTree ├─┬ gulp-imagemin@4.1.0
18 silly currentTree │ ├── ansi-styles@3.2.0
18 silly currentTree │ ├── chalk@2.3.1
18 silly currentTree │ └── supports-color@5.2.0
18 silly currentTree ├─┬ gulp-livereload@3.8.1
18 silly currentTree │ ├── ansi-regex@0.2.1
18 silly currentTree │ ├── ansi-styles@1.1.0
18 silly currentTree │ ├── chalk@0.5.1
18 silly currentTree │ ├── has-ansi@0.1.0
18 silly currentTree │ ├── strip-ansi@0.3.0
18 silly currentTree │ └── supports-color@0.2.0
18 silly currentTree ├── gulp-plumber@1.2.0
18 silly currentTree ├── gulp-rename@1.2.2
18 silly currentTree ├─┬ gulp-ruby-sass@3.0.0
18 silly currentTree │ ├── ansi-styles@3.2.1
18 silly currentTree │ ├── chalk@2.4.1
18 silly currentTree │ ├── clone-stats@1.0.0
18 silly currentTree │ ├── clone@2.1.1
18 silly currentTree │ ├── glob@7.1.2
18 silly currentTree │ ├── minimatch@3.0.4
18 silly currentTree │ ├── replace-ext@1.0.0
18 silly currentTree │ ├── supports-color@5.4.0
18 silly currentTree │ └── vinyl@2.2.0
18 silly currentTree ├─┬ gulp-sass@4.0.1
18 silly currentTree │ ├── ansi-regex@3.0.0
18 silly currentTree │ ├── ansi-styles@3.2.1
18 silly currentTree │ ├── chalk@2.4.1
18 silly currentTree │ ├── plugin-error@1.0.1
18 silly currentTree │ ├── replace-ext@1.0.0
18 silly currentTree │ ├── strip-ansi@4.0.0
18 silly currentTree │ └── supports-color@5.4.0
18 silly currentTree ├─┬ gulp-sourcemaps@1.6.0
18 silly currentTree │ ├── graceful-fs@4.1.11
18 silly currentTree │ ├── strip-bom@2.0.0
18 silly currentTree │ └── vinyl@1.2.0
18 silly currentTree ├─┬ gulp-uglify@3.0.1
18 silly currentTree │ ├── lodash@4.17.10
18 silly currentTree │ └── safe-buffer@5.1.2
18 silly currentTree ├── gulp-util@3.0.8
18 silly currentTree ├── gulp@3.9.1
18 silly currentTree ├── gulplog@1.0.0
18 silly currentTree ├── har-schema@1.0.5
18 silly currentTree ├── har-validator@4.2.1
18 silly currentTree ├── has-ansi@2.0.0
18 silly currentTree ├── has-flag@3.0.0
18 silly currentTree ├── has-gulplog@0.1.0
18 silly currentTree ├── has-own-property-x@3.2.0
18 silly currentTree ├── has-symbol-support-x@1.4.2
18 silly currentTree ├── has-to-string-tag-x@1.4.1
18 silly currentTree ├── has-unicode@2.0.1
18 silly currentTree ├── has-value@1.0.0
18 silly currentTree ├─┬ has-values@1.0.0
18 silly currentTree │ └── kind-of@4.0.0
18 silly currentTree ├── has@1.0.1
18 silly currentTree ├── hawk@3.1.3
18 silly currentTree ├── hoek@2.16.3
18 silly currentTree ├── homedir-polyfill@1.0.1
18 silly currentTree ├── hosted-git-info@2.5.0
18 silly currentTree ├── html-comment-regex@1.1.1
18 silly currentTree ├── http-errors@1.3.1
18 silly currentTree ├── http-parser-js@0.4.10
18 silly currentTree ├── http-signature@1.1.1
18 silly currentTree ├── iconv-lite@0.4.13
18 silly currentTree ├── imagemin-gifsicle@5.2.0
18 silly currentTree ├── imagemin-jpegtran@5.0.2
18 silly currentTree ├── imagemin-optipng@5.2.1
18 silly currentTree ├── imagemin-svgo@6.0.0
18 silly currentTree ├─┬ imagemin@5.3.1
18 silly currentTree │ └── replace-ext@1.0.0
18 silly currentTree ├── in-publish@2.0.0
18 silly currentTree ├── indent-string@2.1.0
18 silly currentTree ├── infinity-x@1.0.2
18 silly currentTree ├── inflight@1.0.6
18 silly currentTree ├── inherits@2.0.3
18 silly currentTree ├── ini@1.3.5
18 silly currentTree ├── interpret@1.1.0
18 silly currentTree ├── invert-kv@1.0.0
18 silly currentTree ├── ip-regex@1.0.3
18 silly currentTree ├── irregular-plurals@1.4.0
18 silly currentTree ├── is-absolute@1.0.0
18 silly currentTree ├─┬ is-accessor-descriptor@0.1.6
18 silly currentTree │ └── kind-of@3.2.2
18 silly currentTree ├── is-array-buffer-x@1.7.0
18 silly currentTree ├── is-arrayish@0.2.1
18 silly currentTree ├── is-buffer@1.1.6
18 silly currentTree ├── is-builtin-module@1.0.0
18 silly currentTree ├── is-bzip2@1.0.0
18 silly currentTree ├── is-callable@1.1.3
18 silly currentTree ├─┬ is-data-descriptor@0.1.4
18 silly currentTree │ └── kind-of@3.2.2
18 silly currentTree ├── is-date-object@1.0.1
18 silly currentTree ├─┬ is-descriptor@0.1.6
18 silly currentTree │ └── kind-of@5.1.0
18 silly currentTree ├── is-dotfile@1.0.3
18 silly currentTree ├── is-equal-shallow@0.1.3
18 silly currentTree ├── is-extendable@0.1.1
18 silly currentTree ├── is-extglob@2.1.1
18 silly currentTree ├── is-falsey-x@1.0.3
18 silly currentTree ├── is-finite-x@3.0.4
18 silly currentTree ├── is-finite@1.0.2
18 silly currentTree ├── is-fullwidth-code-point@1.0.0
18 silly currentTree ├── is-function-x@3.3.0
18 silly currentTree ├── is-gif@1.0.0
18 silly currentTree ├── is-glob@3.1.0
18 silly currentTree ├── is-gzip@1.0.0
18 silly currentTree ├── is-index-x@1.1.0
18 silly currentTree ├── is-jpg@1.0.0
18 silly currentTree ├── is-nan-x@1.0.3
18 silly currentTree ├── is-natural-number@2.1.1
18 silly currentTree ├── is-nil-x@1.4.2
18 silly currentTree ├─┬ is-number@3.0.0
18 silly currentTree │ └─┬ kind-of@3.2.2
18 silly currentTree │   └── is-buffer@1.1.6
18 silly currentTree ├── is-obj@1.0.1
18 silly currentTree ├─┬ is-object-like-x@1.7.1
18 silly currentTree │ └── is-primitive@3.0.0
18 silly currentTree ├── is-plain-object@2.0.4
18 silly currentTree ├── is-png@1.1.0
18 silly currentTree ├── is-posix-bracket@0.1.1
18 silly currentTree ├── is-primitive@2.0.0
18 silly currentTree ├── is-redirect@1.0.0
18 silly currentTree ├── is-regex@1.0.4
18 silly currentTree ├── is-relative@1.0.0
18 silly currentTree ├── is-retry-allowed@1.1.0
18 silly currentTree ├── is-stream@1.1.0
18 silly currentTree ├── is-string@1.0.4
18 silly currentTree ├── is-svg@2.1.0
18 silly currentTree ├── is-symbol@1.0.1
18 silly currentTree ├── is-tar@1.0.0
18 silly currentTree ├── is-typedarray@1.0.0
18 silly currentTree ├── is-unc-path@1.0.0
18 silly currentTree ├── is-url@1.2.2
18 silly currentTree ├── is-utf8@0.2.1
18 silly currentTree ├── is-valid-glob@0.3.0
18 silly currentTree ├── is-windows@1.0.2
18 silly currentTree ├── is-zip@1.0.0
18 silly currentTree ├── isarray@0.0.1
18 silly currentTree ├── isexe@2.0.0
18 silly currentTree ├── isobject@3.0.1
18 silly currentTree ├── isstream@0.1.2
18 silly currentTree ├── jpegtran-bin@3.2.0
18 silly currentTree ├── jquery@3.3.1
18 silly currentTree ├── js-base64@2.4.8
18 silly currentTree ├── js-yaml@3.10.0
18 silly currentTree ├── jsbn@0.1.1
18 silly currentTree ├── json-schema-traverse@0.3.1
18 silly currentTree ├── json-schema@0.2.3
18 silly currentTree ├── json-stable-stringify@1.0.1
18 silly currentTree ├── json-stringify-safe@5.0.1
18 silly currentTree ├── jsonify@0.0.0
18 silly currentTree ├─┬ jsprim@1.4.1
18 silly currentTree │ └── assert-plus@1.0.0
18 silly currentTree ├── kind-of@6.0.2
18 silly currentTree ├── lazy-req@1.1.0
18 silly currentTree ├─┬ lazystream@1.0.0
18 silly currentTree │ ├── isarray@1.0.0
18 silly currentTree │ ├── readable-stream@2.3.4
18 silly currentTree │ └── string_decoder@1.0.3
18 silly currentTree ├── lcid@1.0.0
18 silly currentTree ├── liftoff@2.5.0
18 silly currentTree ├── livereload-js@2.3.0
18 silly currentTree ├─┬ load-json-file@1.1.0
18 silly currentTree │ ├── graceful-fs@4.1.11
18 silly currentTree │ └── strip-bom@2.0.0
18 silly currentTree ├── lodash._baseassign@3.2.0
18 silly currentTree ├── lodash._basecopy@3.0.1
18 silly currentTree ├── lodash._basetostring@3.0.1
18 silly currentTree ├── lodash._basevalues@3.0.0
18 silly currentTree ├── lodash._bindcallback@3.0.1
18 silly currentTree ├── lodash._createassigner@3.1.1
18 silly currentTree ├── lodash._getnative@3.9.1
18 silly currentTree ├── lodash._isiterateecall@3.0.9
18 silly currentTree ├── lodash._reescape@3.0.0
18 silly currentTree ├── lodash._reevaluate@3.0.0
18 silly currentTree ├── lodash._reinterpolate@3.0.0
18 silly currentTree ├── lodash._root@3.0.1
18 silly currentTree ├── lodash.assign@3.2.0
18 silly currentTree ├── lodash.clonedeep@4.5.0
18 silly currentTree ├── lodash.escape@3.2.0
18 silly currentTree ├── lodash.isarguments@3.1.0
18 silly currentTree ├── lodash.isarray@3.0.4
18 silly currentTree ├── lodash.isequal@4.5.0
18 silly currentTree ├── lodash.isnull@3.0.0
18 silly currentTree ├── lodash.keys@3.1.2
18 silly currentTree ├── lodash.mergewith@4.6.1
18 silly currentTree ├── lodash.restparam@3.6.1
18 silly currentTree ├── lodash.template@3.6.2
18 silly currentTree ├── lodash.templatesettings@3.1.1
18 silly currentTree ├── lodash@1.0.2
18 silly currentTree ├── logalot@2.1.0
18 silly currentTree ├── longest@1.0.1
18 silly currentTree ├── loud-rejection@1.6.0
18 silly currentTree ├── lowercase-keys@1.0.0
18 silly currentTree ├── lpad-align@1.1.2
18 silly currentTree ├── lru-cache@2.7.3
18 silly currentTree ├─┬ make-dir@1.2.0
18 silly currentTree │ └── pify@3.0.0
18 silly currentTree ├── make-error-cause@1.2.2
18 silly currentTree ├── make-error@1.3.4
18 silly currentTree ├── make-iterator@1.0.1
18 silly currentTree ├── map-cache@0.2.2
18 silly currentTree ├── map-obj@1.0.1
18 silly currentTree ├── map-stream@0.1.0
18 silly currentTree ├── map-visit@1.0.0
18 silly currentTree ├── math-clamp-x@1.2.0
18 silly currentTree ├── math-sign-x@3.0.0
18 silly currentTree ├── max-safe-integer@1.0.1
18 silly currentTree ├── md5-hex@2.0.0
18 silly currentTree ├── md5-o-matic@0.1.1
18 silly currentTree ├── mdn-data@1.1.0
18 silly currentTree ├── media-typer@0.3.0
18 silly currentTree ├─┬ meow@3.7.0
18 silly currentTree │ └── object-assign@4.1.1
18 silly currentTree ├─┬ merge-stream@1.0.1
18 silly currentTree │ ├── isarray@1.0.0
18 silly currentTree │ ├── readable-stream@2.3.4
18 silly currentTree │ └── string_decoder@1.0.3
18 silly currentTree ├── micromatch@3.1.10
18 silly currentTree ├── mime-db@1.33.0
18 silly currentTree ├── mime-types@2.1.18
18 silly currentTree ├── mini-lr@0.1.9
18 silly currentTree ├── minimatch@2.0.10
18 silly currentTree ├── minimist@1.2.0
18 silly currentTree ├─┬ mixin-deep@1.3.1
18 silly currentTree │ └── is-extendable@1.0.1
18 silly currentTree ├─┬ mkdirp@0.5.1
18 silly currentTree │ └── minimist@0.0.8
18 silly currentTree ├── ms@2.0.0
18 silly currentTree ├── multipipe@0.1.2
18 silly currentTree ├── nan-x@1.0.2
18 silly currentTree ├── nan@2.10.0
18 silly currentTree ├── nanomatch@1.2.13
18 silly currentTree ├── natives@1.1.4
18 silly currentTree ├─┬ node-gyp@3.7.0
18 silly currentTree │ ├── glob@7.1.2
18 silly currentTree │ ├── graceful-fs@4.1.11
18 silly currentTree │ ├── minimatch@3.0.4
18 silly currentTree │ ├── qs@6.4.0
18 silly currentTree │ ├── request@2.81.0
18 silly currentTree │ ├── semver@5.3.0
18 silly currentTree │ └── tunnel-agent@0.6.0
18 silly currentTree ├─┬ node-sass@4.9.2
18 silly currentTree │ ├── cross-spawn@3.0.1
18 silly currentTree │ ├── gaze@1.1.3
18 silly currentTree │ ├── glob@7.1.2
18 silly currentTree │ ├── globule@1.2.1
18 silly currentTree │ ├── lodash.assign@4.2.0
18 silly currentTree │ ├── lodash@4.17.10
18 silly currentTree │ ├── lru-cache@4.1.3
18 silly currentTree │ └── minimatch@3.0.4
18 silly currentTree ├── node-status-codes@1.0.0
18 silly currentTree ├── nopt@3.0.6
18 silly currentTree ├── normalize-package-data@2.4.0
18 silly currentTree ├── normalize-path@2.1.1
18 silly currentTree ├── normalize-range@0.1.2
18 silly currentTree ├── normalize-space-x@3.0.0
18 silly currentTree ├── npm-run-path@2.0.2
18 silly currentTree ├── npmlog@4.1.2
18 silly currentTree ├── nth-check@1.0.1
18 silly currentTree ├── num2fraction@1.2.2
18 silly currentTree ├── number-is-nan@1.0.1
18 silly currentTree ├── oauth-sign@0.8.2
18 silly currentTree ├── object-assign@3.0.0
18 silly currentTree ├─┬ object-copy@0.1.0
18 silly currentTree │ ├── define-property@0.2.5
18 silly currentTree │ └── kind-of@3.2.2
18 silly currentTree ├── object-get-own-property-descriptor-x@3.2.0
18 silly currentTree ├── object-keys@1.0.11
18 silly currentTree ├── object-visit@1.0.1
18 silly currentTree ├── object.defaults@1.1.0
18 silly currentTree ├── object.getownpropertydescriptors@2.0.3
18 silly currentTree ├── object.map@1.0.1
18 silly currentTree ├─┬ object.omit@2.0.1
18 silly currentTree │ └── for-own@0.1.5
18 silly currentTree ├── object.pick@1.3.0
18 silly currentTree ├── object.values@1.0.4
18 silly currentTree ├── on-finished@2.3.0
18 silly currentTree ├── once@1.3.3
18 silly currentTree ├── onetime@1.1.0
18 silly currentTree ├── optipng-bin@3.1.4
18 silly currentTree ├── orchestrator@0.3.8
18 silly currentTree ├── ordered-read-streams@0.1.0
18 silly currentTree ├── os-filter-obj@1.0.3
18 silly currentTree ├── os-homedir@1.0.2
18 silly currentTree ├── os-locale@1.4.0
18 silly currentTree ├── os-tmpdir@1.0.2
18 silly currentTree ├── osenv@0.1.5
18 silly currentTree ├── p-finally@1.0.0
18 silly currentTree ├── p-pipe@1.2.0
18 silly currentTree ├── parse-filepath@1.0.2
18 silly currentTree ├─┬ parse-glob@3.0.4
18 silly currentTree │ ├── is-extglob@1.0.0
18 silly currentTree │ └── is-glob@2.0.1
18 silly currentTree ├── parse-int-x@2.0.0
18 silly currentTree ├── parse-json@2.2.0
18 silly currentTree ├── parse-passwd@1.0.0
18 silly currentTree ├── parseurl@1.3.2
18 silly currentTree ├── pascalcase@0.1.1
18 silly currentTree ├── path-dirname@1.0.2
18 silly currentTree ├── path-exists@3.0.0
18 silly currentTree ├── path-is-absolute@1.0.1
18 silly currentTree ├── path-key@2.0.1
18 silly currentTree ├── path-parse@1.0.5
18 silly currentTree ├── path-root-regex@0.1.2
18 silly currentTree ├── path-root@0.1.1
18 silly currentTree ├─┬ path-type@1.1.0
18 silly currentTree │ └── graceful-fs@4.1.11
18 silly currentTree ├── pause-stream@0.0.11
18 silly currentTree ├── pend@1.2.0
18 silly currentTree ├── performance-now@0.2.0
18 silly currentTree ├── pify@2.3.0
18 silly currentTree ├── pinkie-promise@2.0.1
18 silly currentTree ├── pinkie@2.0.4
18 silly currentTree ├─┬ plugin-error@0.1.2
18 silly currentTree │ ├── arr-diff@1.1.0
18 silly currentTree │ ├── arr-union@2.1.0
18 silly currentTree │ ├── array-slice@0.2.3
18 silly currentTree │ ├── extend-shallow@1.1.4
18 silly currentTree │ └── kind-of@1.1.0
18 silly currentTree ├── plur@2.1.2
18 silly currentTree ├── posix-character-classes@0.1.1
18 silly currentTree ├── postcss-value-parser@3.3.0
18 silly currentTree ├─┬ postcss@6.0.19
18 silly currentTree │ ├── ansi-styles@3.2.0
18 silly currentTree │ ├── chalk@2.3.1
18 silly currentTree │ ├── source-map@0.6.1
18 silly currentTree │ └── supports-color@5.2.0
18 silly currentTree ├── prepend-http@1.0.4
18 silly currentTree ├── preserve@0.2.0
18 silly currentTree ├── pretty-bytes@4.0.2
18 silly currentTree ├── pretty-hrtime@1.0.3
18 silly currentTree ├── process-nextick-args@2.0.0
18 silly currentTree ├── property-is-enumerable-x@1.1.0
18 silly currentTree ├── pseudomap@1.0.2
18 silly currentTree ├── punycode@1.4.1
18 silly currentTree ├── q@1.5.1
18 silly currentTree ├── qs@2.2.5
18 silly currentTree ├─┬ randomatic@1.1.7
18 silly currentTree │ └── kind-of@4.0.0
18 silly currentTree ├─┬ raw-body@2.1.7
18 silly currentTree │ └── bytes@2.4.0
18 silly currentTree ├── rc@1.2.5
18 silly currentTree ├─┬ read-all-stream@3.1.0
18 silly currentTree │ ├── isarray@1.0.0
18 silly currentTree │ ├── readable-stream@2.3.4
18 silly currentTree │ └── string_decoder@1.0.3
18 silly currentTree ├── read-pkg-up@1.0.1
18 silly currentTree ├── read-pkg@1.1.0
18 silly currentTree ├── readable-stream@1.1.14
18 silly currentTree ├── rechoir@0.6.2
18 silly currentTree ├── redent@1.0.0
18 silly currentTree ├── regex-cache@0.4.4
18 silly currentTree ├── regex-not@1.0.2
18 silly currentTree ├── remove-trailing-separator@1.1.0
18 silly currentTree ├── repeat-element@1.1.2
18 silly currentTree ├── repeat-string@1.6.1
18 silly currentTree ├── repeating@2.0.1
18 silly currentTree ├── replace-comments-x@2.0.0
18 silly currentTree ├── replace-ext@0.0.1
18 silly currentTree ├─┬ request@2.87.0
18 silly currentTree │ ├── ajv@5.5.2
18 silly currentTree │ ├── assert-plus@1.0.0
18 silly currentTree │ ├── aws-sign2@0.7.0
18 silly currentTree │ ├── co@4.6.0
18 silly currentTree │ ├── form-data@2.3.2
18 silly currentTree │ ├── har-schema@2.0.0
18 silly currentTree │ ├── har-validator@5.0.3
18 silly currentTree │ ├── http-signature@1.2.0
18 silly currentTree │ ├── performance-now@2.1.0
18 silly currentTree │ ├── qs@6.5.2
18 silly currentTree │ └── tunnel-agent@0.6.0
18 silly currentTree ├── require-coercible-to-string-x@1.0.2
18 silly currentTree ├── require-directory@2.1.1
18 silly currentTree ├── require-main-filename@1.0.1
18 silly currentTree ├── require-object-coercible-x@1.4.3
18 silly currentTree ├── resolve-dir@1.0.1
18 silly currentTree ├── resolve-url@0.2.1
18 silly currentTree ├── resolve@1.8.1
18 silly currentTree ├── ret@0.1.15
18 silly currentTree ├─┬ rimraf@2.6.2
18 silly currentTree │ ├── glob@7.1.2
18 silly currentTree │ └── minimatch@3.0.4
18 silly currentTree ├── safe-buffer@5.1.1
18 silly currentTree ├── safe-regex@1.1.0
18 silly currentTree ├── safer-buffer@2.1.2
18 silly currentTree ├─┬ sass-graph@2.2.4
18 silly currentTree │ ├── glob@7.1.2
18 silly currentTree │ ├── lodash@4.17.10
18 silly currentTree │ └── minimatch@3.0.4
18 silly currentTree ├── sax@1.2.4
18 silly currentTree ├─┬ scss-tokenizer@0.2.3
18 silly currentTree │ └── source-map@0.4.4
18 silly currentTree ├─┬ seek-bzip@1.0.5
18 silly currentTree │ └── commander@2.8.1
18 silly currentTree ├── semver-regex@1.0.0
18 silly currentTree ├─┬ semver-truncate@1.1.2
18 silly currentTree │ └── semver@5.5.0
18 silly currentTree ├── semver@4.3.6
18 silly currentTree ├── sequencify@0.0.7
18 silly currentTree ├── set-blocking@2.0.0
18 silly currentTree ├── set-immediate-shim@1.0.1
18 silly currentTree ├─┬ set-value@2.0.0
18 silly currentTree │ └── extend-shallow@2.0.1
18 silly currentTree ├── shebang-command@1.2.0
18 silly currentTree ├── shebang-regex@1.0.0
18 silly currentTree ├── sigmund@1.0.1
18 silly currentTree ├── signal-exit@3.0.2
18 silly currentTree ├─┬ snapdragon-node@2.1.1
18 silly currentTree │ ├── define-property@1.0.0
18 silly currentTree │ ├── is-accessor-descriptor@1.0.0
18 silly currentTree │ ├── is-data-descriptor@1.0.0
18 silly currentTree │ └── is-descriptor@1.0.2
18 silly currentTree ├─┬ snapdragon-util@3.0.1
18 silly currentTree │ └── kind-of@3.2.2
18 silly currentTree ├─┬ snapdragon@0.8.2
18 silly currentTree │ ├── define-property@0.2.5
18 silly currentTree │ └── extend-shallow@2.0.1
18 silly currentTree ├── sntp@1.0.9
18 silly currentTree ├── source-map-resolve@0.5.2
18 silly currentTree ├── source-map-url@0.4.0
18 silly currentTree ├── source-map@0.5.7
18 silly currentTree ├── sparkles@1.0.0
18 silly currentTree ├── spdx-correct@3.0.0
18 silly currentTree ├── spdx-exceptions@2.1.0
18 silly currentTree ├── spdx-expression-parse@3.0.0
18 silly currentTree ├── spdx-license-ids@3.0.0
18 silly currentTree ├── split-string@3.1.0
18 silly currentTree ├── split@0.3.3
18 silly currentTree ├── sprintf-js@1.0.3
18 silly currentTree ├── squeak@1.3.0
18 silly currentTree ├─┬ sshpk@1.14.2
18 silly currentTree │ └── assert-plus@1.0.0
18 silly currentTree ├── stable@0.1.6
18 silly currentTree ├── stat-mode@0.2.2
18 silly currentTree ├─┬ static-extend@0.1.2
18 silly currentTree │ └── define-property@0.2.5
18 silly currentTree ├── statuses@1.4.0
18 silly currentTree ├─┬ stdout-stream@1.4.0
18 silly currentTree │ ├── isarray@1.0.0
18 silly currentTree │ ├── readable-stream@2.3.6
18 silly currentTree │ └── string_decoder@1.1.1
18 silly currentTree ├── stream-combiner@0.0.4
18 silly currentTree ├─┬ stream-combiner2@1.1.1
18 silly currentTree │ ├── duplexer2@0.1.4
18 silly currentTree │ ├── isarray@1.0.0
18 silly currentTree │ ├── readable-stream@2.3.4
18 silly currentTree │ └── string_decoder@1.0.3
18 silly currentTree ├── stream-consume@0.1.1
18 silly currentTree ├── stream-shift@1.0.0
18 silly currentTree ├── string_decoder@0.10.31
18 silly currentTree ├── string-width@1.0.2
18 silly currentTree ├── stringstream@0.0.6
18 silly currentTree ├── strip-ansi@3.0.1
18 silly currentTree ├─┬ strip-bom-stream@1.0.0
18 silly currentTree │ └── strip-bom@2.0.0
18 silly currentTree ├── strip-bom@1.0.0
18 silly currentTree ├─┬ strip-dirs@1.1.1
18 silly currentTree │ ├── is-absolute@0.1.7
18 silly currentTree │ └── is-relative@0.1.3
18 silly currentTree ├── strip-eof@1.0.0
18 silly currentTree ├── strip-indent@1.0.1
18 silly currentTree ├── strip-json-comments@2.0.1
18 silly currentTree ├── strip-outer@1.0.0
18 silly currentTree ├── sum-up@1.0.3
18 silly currentTree ├── supports-color@2.0.0
18 silly currentTree ├── svgo@1.0.5
18 silly currentTree ├─┬ tar-stream@1.5.5
18 silly currentTree │ ├── end-of-stream@1.4.1
18 silly currentTree │ ├── isarray@1.0.0
18 silly currentTree │ ├── once@1.4.0
18 silly currentTree │ ├── readable-stream@2.3.4
18 silly currentTree │ └── string_decoder@1.0.3
18 silly currentTree ├── tar@2.2.1
18 silly currentTree ├── temp-dir@1.0.0
18 silly currentTree ├── tempfile@2.0.0
18 silly currentTree ├── through@2.3.8
18 silly currentTree ├── through2-concurrent@1.1.1
18 silly currentTree ├── through2-filter@2.0.0
18 silly currentTree ├─┬ through2@2.0.3
18 silly currentTree │ ├── isarray@1.0.0
18 silly currentTree │ ├── readable-stream@2.3.4
18 silly currentTree │ └── string_decoder@1.0.3
18 silly currentTree ├── tildify@1.2.0
18 silly currentTree ├── time-stamp@1.1.0
18 silly currentTree ├── timed-out@3.1.3
18 silly currentTree ├─┬ to-absolute-glob@0.1.1
18 silly currentTree │ └── extend-shallow@2.0.1
18 silly currentTree ├── to-boolean-x@1.0.3
18 silly currentTree ├── to-integer-x@3.0.0
18 silly currentTree ├── to-number-x@2.0.0
18 silly currentTree ├─┬ to-object-path@0.3.0
18 silly currentTree │ └── kind-of@3.2.2
18 silly currentTree ├── to-object-x@1.5.0
18 silly currentTree ├── to-primitive-x@1.1.0
18 silly currentTree ├── to-property-key-x@2.0.2
18 silly currentTree ├── to-regex-range@2.1.1
18 silly currentTree ├── to-regex@3.0.2
18 silly currentTree ├── to-string-symbols-supported-x@1.0.2
18 silly currentTree ├── to-string-tag-x@1.4.3
18 silly currentTree ├── to-string-x@1.4.5
18 silly currentTree ├── tough-cookie@2.3.4
18 silly currentTree ├── trim-left-x@3.0.0
18 silly currentTree ├── trim-newlines@1.0.0
18 silly currentTree ├── trim-repeated@1.0.0
18 silly currentTree ├── trim-right-x@3.0.0
18 silly currentTree ├── trim-x@3.0.0
18 silly currentTree ├─┬ true-case-path@1.0.2
18 silly currentTree │ └── glob@6.0.4
18 silly currentTree ├── tunnel-agent@0.4.3
18 silly currentTree ├── tweetnacl@0.14.5
18 silly currentTree ├── type-is@1.6.16
18 silly currentTree ├── typedarray@0.0.6
18 silly currentTree ├─┬ uglify-js@3.4.6
18 silly currentTree │ └── source-map@0.6.1
18 silly currentTree ├── unc-path-regex@0.1.2
18 silly currentTree ├─┬ union-value@1.0.0
18 silly currentTree │ ├── extend-shallow@2.0.1
18 silly currentTree │ └── set-value@0.4.3
18 silly currentTree ├── unique-stream@1.0.0
18 silly currentTree ├── unpipe@1.0.0
18 silly currentTree ├── unquote@1.1.1
18 silly currentTree ├─┬ unset-value@1.0.0
18 silly currentTree │ ├─┬ has-value@0.3.1
18 silly currentTree │ │ └── isobject@2.1.0
18 silly currentTree │ ├── has-values@0.1.4
18 silly currentTree │ └── isarray@1.0.0
18 silly currentTree ├── unzip-response@1.0.2
18 silly currentTree ├── urix@0.1.0
18 silly currentTree ├── url-parse-lax@1.0.0
18 silly currentTree ├── url-regex@3.2.0
18 silly currentTree ├── use@3.1.1
18 silly currentTree ├── user-home@1.1.1
18 silly currentTree ├── util-deprecate@1.0.2
18 silly currentTree ├── util.promisify@1.0.0
18 silly currentTree ├── uuid@3.2.1
18 silly currentTree ├── v8flags@2.1.1
18 silly currentTree ├── vali-date@1.0.0
18 silly currentTree ├── validate-npm-package-license@3.0.3
18 silly currentTree ├── validate.io-undefined@1.0.3
18 silly currentTree ├─┬ verror@1.10.0
18 silly currentTree │ └── assert-plus@1.0.0
18 silly currentTree ├─┬ vinyl-assign@1.2.1
18 silly currentTree │ ├── isarray@1.0.0
18 silly currentTree │ ├── object-assign@4.1.1
18 silly currentTree │ ├── readable-stream@2.3.4
18 silly currentTree │ └── string_decoder@1.0.3
18 silly currentTree ├─┬ vinyl-fs@0.3.14
18 silly currentTree │ ├── clone@0.2.0
18 silly currentTree │ ├── readable-stream@1.0.34
18 silly currentTree │ ├── through2@0.6.5
18 silly currentTree │ └── vinyl@0.4.6
18 silly currentTree ├── vinyl-sourcemaps-apply@0.2.1
18 silly currentTree ├── vinyl@0.5.3
18 silly currentTree ├── ware@1.3.0
18 silly currentTree ├── websocket-driver@0.7.0
18 silly currentTree ├── websocket-extensions@0.1.3
18 silly currentTree ├── which-module@1.0.0
18 silly currentTree ├── which@1.3.0
18 silly currentTree ├── white-space-x@3.0.1
18 silly currentTree ├── wide-align@1.1.3
18 silly currentTree ├── wrap-ansi@2.1.0
18 silly currentTree ├── wrap-fn@0.1.5
18 silly currentTree ├── wrappy@1.0.2
18 silly currentTree ├── xtend@4.0.1
18 silly currentTree ├── y18n@3.2.1
18 silly currentTree ├── yallist@2.1.2
18 silly currentTree ├─┬ yargs-parser@5.0.0
18 silly currentTree │ └── camelcase@3.0.0
18 silly currentTree ├─┬ yargs@7.1.0
18 silly currentTree │ └── camelcase@3.0.0
18 silly currentTree └── yauzl@2.9.1
19 silly idealTree mycodes@1.0.0
19 silly idealTree ├── abbrev@1.1.1
19 silly idealTree ├─┬ ajv@4.11.8
19 silly idealTree │ └── co@4.6.0
19 silly idealTree ├── amdefine@1.0.1
19 silly idealTree ├── ansi-colors@1.1.0
19 silly idealTree ├── ansi-cyan@0.1.1
19 silly idealTree ├── ansi-gray@0.1.1
19 silly idealTree ├── ansi-red@0.1.1
19 silly idealTree ├── ansi-regex@2.1.1
19 silly idealTree ├── ansi-styles@2.2.1
19 silly idealTree ├── ansi-wrap@0.1.0
19 silly idealTree ├── aproba@1.2.0
19 silly idealTree ├─┬ archive-type@3.2.0
19 silly idealTree │ └── file-type@3.9.0
19 silly idealTree ├── archy@1.0.0
19 silly idealTree ├─┬ are-we-there-yet@1.1.5
19 silly idealTree │ ├── isarray@1.0.0
19 silly idealTree │ ├── readable-stream@2.3.6
19 silly idealTree │ └── string_decoder@1.1.1
19 silly idealTree ├── argparse@1.0.10
19 silly idealTree ├── arr-diff@4.0.0
19 silly idealTree ├── arr-flatten@1.1.0
19 silly idealTree ├── arr-union@3.1.0
19 silly idealTree ├── array-differ@1.0.0
19 silly idealTree ├── array-each@1.0.1
19 silly idealTree ├── array-find-index@1.0.2
19 silly idealTree ├── array-slice@1.1.0
19 silly idealTree ├── array-union@1.0.2
19 silly idealTree ├── array-uniq@1.0.3
19 silly idealTree ├── array-unique@0.3.2
19 silly idealTree ├── asn1@0.2.3
19 silly idealTree ├── assert-plus@0.2.0
19 silly idealTree ├── assign-symbols@1.0.0
19 silly idealTree ├── async-each-series@1.1.0
19 silly idealTree ├── async-foreach@0.1.3
19 silly idealTree ├── asynckit@0.4.0
19 silly idealTree ├── atob@2.1.1
19 silly idealTree ├── attempt-x@1.1.3
19 silly idealTree ├── autoprefixer@8.0.0
19 silly idealTree ├── aws-sign2@0.6.0
19 silly idealTree ├── aws4@1.7.0
19 silly idealTree ├── balanced-match@1.0.0
19 silly idealTree ├─┬ base@0.11.2
19 silly idealTree │ ├── define-property@1.0.0
19 silly idealTree │ ├── is-accessor-descriptor@1.0.0
19 silly idealTree │ ├── is-data-descriptor@1.0.0
19 silly idealTree │ └── is-descriptor@1.0.2
19 silly idealTree ├── bcrypt-pbkdf@1.0.2
19 silly idealTree ├── beeper@1.1.1
19 silly idealTree ├─┬ bin-build@2.2.0
19 silly idealTree │ ├── tempfile@1.1.1
19 silly idealTree │ └── uuid@2.0.3
19 silly idealTree ├── bin-check@2.0.0
19 silly idealTree ├── bin-version-check@2.1.0
19 silly idealTree ├── bin-version@1.0.4
19 silly idealTree ├── bin-wrapper@3.0.2
19 silly idealTree ├─┬ bl@1.2.1
19 silly idealTree │ ├── isarray@1.0.0
19 silly idealTree │ ├── readable-stream@2.3.4
19 silly idealTree │ └── string_decoder@1.0.3
19 silly idealTree ├── block-stream@0.0.9
19 silly idealTree ├─┬ body-parser@1.14.2
19 silly idealTree │ ├── debug@2.2.0
19 silly idealTree │ ├── ms@0.7.1
19 silly idealTree │ └── qs@5.2.0
19 silly idealTree ├── boolbase@1.0.0
19 silly idealTree ├── boom@2.10.1
19 silly idealTree ├── bootstrap@4.0.0-beta.2
19 silly idealTree ├── brace-expansion@1.1.11
19 silly idealTree ├─┬ braces@2.3.2
19 silly idealTree │ └── extend-shallow@2.0.1
19 silly idealTree ├── browserslist@3.1.1
19 silly idealTree ├── buffer-crc32@0.2.13
19 silly idealTree ├── buffer-from@0.1.1
19 silly idealTree ├─┬ buffer-to-vinyl@1.1.0
19 silly idealTree │ ├── file-type@3.9.0
19 silly idealTree │ ├── isarray@1.0.0
19 silly idealTree │ ├── readable-stream@2.3.4
19 silly idealTree │ ├── string_decoder@1.0.3
19 silly idealTree │ ├── uuid@2.0.3
19 silly idealTree │ └── vinyl@1.2.0
19 silly idealTree ├── builtin-modules@1.1.1
19 silly idealTree ├── bytes@2.2.0
19 silly idealTree ├── cache-base@1.0.1
19 silly idealTree ├── cached-constructors-x@1.0.2
19 silly idealTree ├── camelcase-keys@2.1.0
19 silly idealTree ├── camelcase@2.1.1
19 silly idealTree ├── caniuse-lite@1.0.30000810
19 silly idealTree ├── capture-stack-trace@1.0.0
19 silly idealTree ├── caseless@0.12.0
19 silly idealTree ├── caw@1.2.0
19 silly idealTree ├── chalk@1.1.3
19 silly idealTree ├─┬ class-utils@0.3.6
19 silly idealTree │ └── define-property@0.2.5
19 silly idealTree ├── cliui@3.2.0
19 silly idealTree ├── clone-buffer@1.0.0
19 silly idealTree ├── clone-stats@0.0.1
19 silly idealTree ├── clone@1.0.3
19 silly idealTree ├─┬ cloneable-readable@1.1.2
19 silly idealTree │ ├── isarray@1.0.0
19 silly idealTree │ ├── readable-stream@2.3.6
19 silly idealTree │ └── string_decoder@1.1.1
19 silly idealTree ├── co@3.1.0
19 silly idealTree ├── coa@2.0.1
19 silly idealTree ├── code-point-at@1.1.0
19 silly idealTree ├── collection-visit@1.0.0
19 silly idealTree ├── color-convert@1.9.1
19 silly idealTree ├── color-name@1.1.3
19 silly idealTree ├── color-support@1.1.3
19 silly idealTree ├── colors@1.1.2
19 silly idealTree ├── combined-stream@1.0.6
19 silly idealTree ├── commander@2.16.0
19 silly idealTree ├── component-emitter@1.2.1
19 silly idealTree ├── concat-map@0.0.1
19 silly idealTree ├─┬ concat-stream@1.6.0
19 silly idealTree │ ├── isarray@1.0.0
19 silly idealTree │ ├── readable-stream@2.3.4
19 silly idealTree │ └── string_decoder@1.0.3
19 silly idealTree ├── console-control-strings@1.1.0
19 silly idealTree ├── console-stream@0.1.1
19 silly idealTree ├── content-type@1.0.4
19 silly idealTree ├── convert-source-map@1.5.1
19 silly idealTree ├── copy-descriptor@0.1.1
19 silly idealTree ├── core-util-is@1.0.2
19 silly idealTree ├── create-error-class@3.0.2
19 silly idealTree ├─┬ cross-spawn@5.1.0
19 silly idealTree │ └── lru-cache@4.1.1
19 silly idealTree ├── cryptiles@2.0.5
19 silly idealTree ├── css-select-base-adapter@0.1.0
19 silly idealTree ├── css-select@1.3.0-rc0
19 silly idealTree ├── css-tree@1.0.0-alpha25
19 silly idealTree ├── css-url-regex@1.1.0
19 silly idealTree ├── css-what@2.1.0
19 silly idealTree ├─┬ csso@3.5.0
19 silly idealTree │ └── css-tree@1.0.0-alpha.27
19 silly idealTree ├── currently-unhandled@0.4.1
19 silly idealTree ├── dargs@3.0.1
19 silly idealTree ├─┬ dashdash@1.14.1
19 silly idealTree │ └── assert-plus@1.0.0
19 silly idealTree ├── dateformat@2.2.0
19 silly idealTree ├── debug@2.6.9
19 silly idealTree ├── decamelize@1.2.0
19 silly idealTree ├── decode-uri-component@0.2.0
19 silly idealTree ├─┬ decompress-tar@3.1.0
19 silly idealTree │ ├── clone@0.2.0
19 silly idealTree │ ├── object-assign@2.1.1
19 silly idealTree │ ├── readable-stream@1.0.34
19 silly idealTree │ ├── through2@0.6.5
19 silly idealTree │ └── vinyl@0.4.6
19 silly idealTree ├─┬ decompress-tarbz2@3.1.0
19 silly idealTree │ ├── clone@0.2.0
19 silly idealTree │ ├── object-assign@2.1.1
19 silly idealTree │ ├── readable-stream@1.0.34
19 silly idealTree │ ├── through2@0.6.5
19 silly idealTree │ └── vinyl@0.4.6
19 silly idealTree ├─┬ decompress-targz@3.1.0
19 silly idealTree │ ├── clone@0.2.0
19 silly idealTree │ ├── object-assign@2.1.1
19 silly idealTree │ ├── readable-stream@1.0.34
19 silly idealTree │ ├── through2@0.6.5
19 silly idealTree │ └── vinyl@0.4.6
19 silly idealTree ├─┬ decompress-unzip@3.4.0
19 silly idealTree │ └── vinyl@1.2.0
19 silly idealTree ├─┬ decompress@3.0.0
19 silly idealTree │ ├── arr-diff@2.0.0
19 silly idealTree │ ├── array-unique@0.2.1
19 silly idealTree │ ├── braces@1.8.5
19 silly idealTree │ ├── expand-brackets@0.1.5
19 silly idealTree │ ├── extglob@0.3.2
19 silly idealTree │ ├─┬ glob-stream@5.3.5
19 silly idealTree │ │ ├── isarray@0.0.1
19 silly idealTree │ │ ├── readable-stream@1.0.34
19 silly idealTree │ │ ├── string_decoder@0.10.31
19 silly idealTree │ │ └── through2@0.6.5
19 silly idealTree │ ├── glob@5.0.15
19 silly idealTree │ ├── graceful-fs@4.1.11
19 silly idealTree │ ├── is-extglob@1.0.0
19 silly idealTree │ ├── is-glob@2.0.1
19 silly idealTree │ ├── isarray@1.0.0
19 silly idealTree │ ├── kind-of@3.2.2
19 silly idealTree │ ├── micromatch@2.3.11
19 silly idealTree │ ├── object-assign@4.1.1
19 silly idealTree │ ├── ordered-read-streams@0.3.0
19 silly idealTree │ ├── readable-stream@2.3.4
19 silly idealTree │ ├── string_decoder@1.0.3
19 silly idealTree │ ├── strip-bom@2.0.0
19 silly idealTree │ ├── unique-stream@2.2.1
19 silly idealTree │ ├── vinyl-fs@2.4.4
19 silly idealTree │ └── vinyl@1.2.0
19 silly idealTree ├── deep-extend@0.4.2
19 silly idealTree ├── defaults@1.0.3
19 silly idealTree ├── define-properties@1.1.2
19 silly idealTree ├─┬ define-property@2.0.2
19 silly idealTree │ ├── is-accessor-descriptor@1.0.0
19 silly idealTree │ ├── is-data-descriptor@1.0.0
19 silly idealTree │ └── is-descriptor@1.0.2
19 silly idealTree ├── delayed-stream@1.0.0
19 silly idealTree ├── delegates@1.0.0
19 silly idealTree ├── depd@1.1.2
19 silly idealTree ├── deprecated@0.0.1
19 silly idealTree ├── detect-file@1.0.0
19 silly idealTree ├─┬ dom-serializer@0.1.0
19 silly idealTree │ └── domelementtype@1.1.3
19 silly idealTree ├── domelementtype@1.3.0
19 silly idealTree ├── domutils@1.5.1
19 silly idealTree ├─┬ download@4.4.3
19 silly idealTree │ ├── arr-diff@2.0.0
19 silly idealTree │ ├── array-unique@0.2.1
19 silly idealTree │ ├── braces@1.8.5
19 silly idealTree │ ├── expand-brackets@0.1.5
19 silly idealTree │ ├── extglob@0.3.2
19 silly idealTree │ ├─┬ glob-stream@5.3.5
19 silly idealTree │ │ ├── isarray@0.0.1
19 silly idealTree │ │ ├── readable-stream@1.0.34
19 silly idealTree │ │ ├── string_decoder@0.10.31
19 silly idealTree │ │ └── through2@0.6.5
19 silly idealTree │ ├── glob@5.0.15
19 silly idealTree │ ├── graceful-fs@4.1.11
19 silly idealTree │ ├── is-extglob@1.0.0
19 silly idealTree │ ├── is-glob@2.0.1
19 silly idealTree │ ├── isarray@1.0.0
19 silly idealTree │ ├── kind-of@3.2.2
19 silly idealTree │ ├── micromatch@2.3.11
19 silly idealTree │ ├── object-assign@4.1.1
19 silly idealTree │ ├── ordered-read-streams@0.3.0
19 silly idealTree │ ├── readable-stream@2.3.4
19 silly idealTree │ ├── string_decoder@1.0.3
19 silly idealTree │ ├── strip-bom@2.0.0
19 silly idealTree │ ├── unique-stream@2.2.1
19 silly idealTree │ ├── vinyl-fs@2.4.4
19 silly idealTree │ └── vinyl@1.2.0
19 silly idealTree ├── duplexer@0.1.1
19 silly idealTree ├── duplexer2@0.0.2
19 silly idealTree ├─┬ duplexify@3.5.3
19 silly idealTree │ ├── end-of-stream@1.4.1
19 silly idealTree │ ├── isarray@1.0.0
19 silly idealTree │ ├── once@1.4.0
19 silly idealTree │ ├── readable-stream@2.3.4
19 silly idealTree │ └── string_decoder@1.0.3
19 silly idealTree ├── each-async@1.1.1
19 silly idealTree ├── ecc-jsbn@0.1.1
19 silly idealTree ├── ee-first@1.1.1
19 silly idealTree ├── electron-to-chromium@1.3.34
19 silly idealTree ├── end-of-stream@0.1.5
19 silly idealTree ├── entities@1.1.1
19 silly idealTree ├── error-ex@1.3.1
19 silly idealTree ├── es-abstract@1.10.0
19 silly idealTree ├── es-to-primitive@1.1.1
19 silly idealTree ├── escape-string-regexp@1.0.5
19 silly idealTree ├── esprima@4.0.0
19 silly idealTree ├── event-stream@3.3.4
19 silly idealTree ├─┬ exec-buffer@3.2.0
19 silly idealTree │ └── pify@3.0.0
19 silly idealTree ├─┬ exec-series@1.0.3
19 silly idealTree │ └── object-assign@4.1.1
19 silly idealTree ├── execa@0.7.0
19 silly idealTree ├── executable@1.1.0
19 silly idealTree ├─┬ expand-brackets@2.1.4
19 silly idealTree │ ├── define-property@0.2.5
19 silly idealTree │ └── extend-shallow@2.0.1
19 silly idealTree ├─┬ expand-range@1.8.2
19 silly idealTree │ ├── fill-range@2.2.3
19 silly idealTree │ ├── is-number@2.1.0
19 silly idealTree │ ├── isarray@1.0.0
19 silly idealTree │ ├── isobject@2.1.0
19 silly idealTree │ └── kind-of@3.2.2
19 silly idealTree ├── expand-tilde@2.0.2
19 silly idealTree ├─┬ extend-shallow@3.0.2
19 silly idealTree │ └── is-extendable@1.0.1
19 silly idealTree ├── extend@3.0.1
19 silly idealTree ├─┬ extglob@2.0.4
19 silly idealTree │ ├── define-property@1.0.0
19 silly idealTree │ ├── extend-shallow@2.0.1
19 silly idealTree │ ├── is-accessor-descriptor@1.0.0
19 silly idealTree │ ├── is-data-descriptor@1.0.0
19 silly idealTree │ └── is-descriptor@1.0.2
19 silly idealTree ├── extsprintf@1.3.0
19 silly idealTree ├── fancy-log@1.3.2
19 silly idealTree ├── fast-deep-equal@1.1.0
19 silly idealTree ├── fast-json-stable-stringify@2.0.0
19 silly idealTree ├── faye-websocket@0.7.3
19 silly idealTree ├── fd-slicer@1.0.1
19 silly idealTree ├─┬ figures@1.7.0
19 silly idealTree │ └── object-assign@4.1.1
19 silly idealTree ├── file-type@4.4.0
19 silly idealTree ├── filename-regex@2.0.1
19 silly idealTree ├── filename-reserved-regex@1.0.0
19 silly idealTree ├── filenamify@1.2.1
19 silly idealTree ├─┬ fill-range@4.0.0
19 silly idealTree │ └── extend-shallow@2.0.1
19 silly idealTree ├── find-index@0.1.1
19 silly idealTree ├─┬ find-up@1.1.2
19 silly idealTree │ └── path-exists@2.1.0
19 silly idealTree ├── find-versions@1.2.1
19 silly idealTree ├── findup-sync@2.0.0
19 silly idealTree ├── fined@1.1.0
19 silly idealTree ├── first-chunk-stream@1.0.0
19 silly idealTree ├── flagged-respawn@1.0.0
19 silly idealTree ├── for-in@1.0.2
19 silly idealTree ├── for-own@1.0.0
19 silly idealTree ├── foreach@2.0.5
19 silly idealTree ├── forever-agent@0.6.1
19 silly idealTree ├── form-data@2.1.4
19 silly idealTree ├── fragment-cache@0.2.1
19 silly idealTree ├── from@0.1.7
19 silly idealTree ├── fs.realpath@1.0.0
19 silly idealTree ├─┬ fstream@1.0.11
19 silly idealTree │ └── graceful-fs@4.1.11
19 silly idealTree ├── function-bind@1.1.1
19 silly idealTree ├─┬ gauge@2.7.4
19 silly idealTree │ └── object-assign@4.1.1
19 silly idealTree ├── gaze@0.5.2
19 silly idealTree ├── get-caller-file@1.0.3
19 silly idealTree ├── get-proxy@1.1.0
19 silly idealTree ├── get-stdin@4.0.1
19 silly idealTree ├── get-stream@3.0.0
19 silly idealTree ├── get-value@2.0.6
19 silly idealTree ├─┬ getpass@0.1.7
19 silly idealTree │ └── assert-plus@1.0.0
19 silly idealTree ├── gifsicle@3.0.4
19 silly idealTree ├─┬ glob-base@0.3.0
19 silly idealTree │ ├── glob-parent@2.0.0
19 silly idealTree │ ├── is-extglob@1.0.0
19 silly idealTree │ └── is-glob@2.0.1
19 silly idealTree ├── glob-parent@3.1.0
19 silly idealTree ├─┬ glob-stream@3.1.18
19 silly idealTree │ ├── readable-stream@1.0.34
19 silly idealTree │ └── through2@0.6.5
19 silly idealTree ├── glob-watcher@0.0.6
19 silly idealTree ├── glob@4.5.3
19 silly idealTree ├── glob2base@0.0.12
19 silly idealTree ├── global-modules@1.0.0
19 silly idealTree ├── global-prefix@1.0.2
19 silly idealTree ├─┬ globby@6.1.0
19 silly idealTree │ ├── glob@7.1.2
19 silly idealTree │ ├── minimatch@3.0.4
19 silly idealTree │ └── object-assign@4.1.1
19 silly idealTree ├─┬ globule@0.1.0
19 silly idealTree │ ├── glob@3.1.21
19 silly idealTree │ ├── graceful-fs@1.2.3
19 silly idealTree │ ├── inherits@1.0.2
19 silly idealTree │ └── minimatch@0.2.14
19 silly idealTree ├── glogg@1.0.1
19 silly idealTree ├─┬ got@5.7.1
19 silly idealTree │ ├── duplexer2@0.1.4
19 silly idealTree │ ├── isarray@1.0.0
19 silly idealTree │ ├── object-assign@4.1.1
19 silly idealTree │ ├── readable-stream@2.3.4
19 silly idealTree │ └── string_decoder@1.0.3
19 silly idealTree ├── graceful-fs@3.0.11
19 silly idealTree ├── graceful-readlink@1.0.1
19 silly idealTree ├─┬ gulp-autoprefixer@5.0.0
19 silly idealTree │ └── plugin-error@1.0.1
19 silly idealTree ├─┬ gulp-decompress@1.2.0
19 silly idealTree │ ├── isarray@1.0.0
19 silly idealTree │ ├── readable-stream@2.3.4
19 silly idealTree │ └── string_decoder@1.0.3
19 silly idealTree ├─┬ gulp-imagemin@4.1.0
19 silly idealTree │ ├── ansi-styles@3.2.0
19 silly idealTree │ ├── chalk@2.3.1
19 silly idealTree │ └── supports-color@5.2.0
19 silly idealTree ├─┬ gulp-livereload@3.8.1
19 silly idealTree │ ├── ansi-regex@0.2.1
19 silly idealTree │ ├── ansi-styles@1.1.0
19 silly idealTree │ ├── chalk@0.5.1
19 silly idealTree │ ├── has-ansi@0.1.0
19 silly idealTree │ ├── strip-ansi@0.3.0
19 silly idealTree │ └── supports-color@0.2.0
19 silly idealTree ├── gulp-plumber@1.2.0
19 silly idealTree ├── gulp-rename@1.2.2
19 silly idealTree ├─┬ gulp-ruby-sass@3.0.0
19 silly idealTree │ ├── ansi-styles@3.2.1
19 silly idealTree │ ├── chalk@2.4.1
19 silly idealTree │ ├── clone-stats@1.0.0
19 silly idealTree │ ├── clone@2.1.1
19 silly idealTree │ ├── glob@7.1.2
19 silly idealTree │ ├── minimatch@3.0.4
19 silly idealTree │ ├── replace-ext@1.0.0
19 silly idealTree │ ├── supports-color@5.4.0
19 silly idealTree │ └── vinyl@2.2.0
19 silly idealTree ├─┬ gulp-sass@4.0.1
19 silly idealTree │ ├── ansi-regex@3.0.0
19 silly idealTree │ ├── ansi-styles@3.2.1
19 silly idealTree │ ├── chalk@2.4.1
19 silly idealTree │ ├── plugin-error@1.0.1
19 silly idealTree │ ├── replace-ext@1.0.0
19 silly idealTree │ ├── strip-ansi@4.0.0
19 silly idealTree │ └── supports-color@5.4.0
19 silly idealTree ├─┬ gulp-sourcemaps@1.6.0
19 silly idealTree │ ├── graceful-fs@4.1.11
19 silly idealTree │ ├── strip-bom@2.0.0
19 silly idealTree │ └── vinyl@1.2.0
19 silly idealTree ├─┬ gulp-uglify@3.0.1
19 silly idealTree │ ├── lodash@4.17.10
19 silly idealTree │ └── safe-buffer@5.1.2
19 silly idealTree ├── gulp-util@3.0.8
19 silly idealTree ├── gulp@3.9.1
19 silly idealTree ├── gulplog@1.0.0
19 silly idealTree ├── har-schema@1.0.5
19 silly idealTree ├── har-validator@4.2.1
19 silly idealTree ├── has-ansi@2.0.0
19 silly idealTree ├── has-flag@3.0.0
19 silly idealTree ├── has-gulplog@0.1.0
19 silly idealTree ├── has-own-property-x@3.2.0
19 silly idealTree ├── has-symbol-support-x@1.4.2
19 silly idealTree ├── has-to-string-tag-x@1.4.1
19 silly idealTree ├── has-unicode@2.0.1
19 silly idealTree ├── has-value@1.0.0
19 silly idealTree ├─┬ has-values@1.0.0
19 silly idealTree │ └── kind-of@4.0.0
19 silly idealTree ├── has@1.0.1
19 silly idealTree ├── hawk@3.1.3
19 silly idealTree ├── hoek@2.16.3
19 silly idealTree ├── homedir-polyfill@1.0.1
19 silly idealTree ├── hosted-git-info@2.5.0
19 silly idealTree ├── html-comment-regex@1.1.1
19 silly idealTree ├── http-errors@1.3.1
19 silly idealTree ├── http-parser-js@0.4.10
19 silly idealTree ├── http-signature@1.1.1
19 silly idealTree ├── iconv-lite@0.4.13
19 silly idealTree ├── imagemin-gifsicle@5.2.0
19 silly idealTree ├── imagemin-jpegtran@5.0.2
19 silly idealTree ├── imagemin-optipng@5.2.1
19 silly idealTree ├── imagemin-svgo@6.0.0
19 silly idealTree ├─┬ imagemin@5.3.1
19 silly idealTree │ └── replace-ext@1.0.0
19 silly idealTree ├── in-publish@2.0.0
19 silly idealTree ├── indent-string@2.1.0
19 silly idealTree ├── infinity-x@1.0.2
19 silly idealTree ├── inflight@1.0.6
19 silly idealTree ├── inherits@2.0.3
19 silly idealTree ├── ini@1.3.5
19 silly idealTree ├── interpret@1.1.0
19 silly idealTree ├── invert-kv@1.0.0
19 silly idealTree ├── ip-regex@1.0.3
19 silly idealTree ├── irregular-plurals@1.4.0
19 silly idealTree ├── is-absolute@1.0.0
19 silly idealTree ├─┬ is-accessor-descriptor@0.1.6
19 silly idealTree │ └── kind-of@3.2.2
19 silly idealTree ├── is-array-buffer-x@1.7.0
19 silly idealTree ├── is-arrayish@0.2.1
19 silly idealTree ├── is-buffer@1.1.6
19 silly idealTree ├── is-builtin-module@1.0.0
19 silly idealTree ├── is-bzip2@1.0.0
19 silly idealTree ├── is-callable@1.1.3
19 silly idealTree ├─┬ is-data-descriptor@0.1.4
19 silly idealTree │ └── kind-of@3.2.2
19 silly idealTree ├── is-date-object@1.0.1
19 silly idealTree ├─┬ is-descriptor@0.1.6
19 silly idealTree │ └── kind-of@5.1.0
19 silly idealTree ├── is-dotfile@1.0.3
19 silly idealTree ├── is-equal-shallow@0.1.3
19 silly idealTree ├── is-extendable@0.1.1
19 silly idealTree ├── is-extglob@2.1.1
19 silly idealTree ├── is-falsey-x@1.0.3
19 silly idealTree ├── is-finite-x@3.0.4
19 silly idealTree ├── is-finite@1.0.2
19 silly idealTree ├── is-fullwidth-code-point@1.0.0
19 silly idealTree ├── is-function-x@3.3.0
19 silly idealTree ├── is-gif@1.0.0
19 silly idealTree ├── is-glob@3.1.0
19 silly idealTree ├── is-gzip@1.0.0
19 silly idealTree ├── is-index-x@1.1.0
19 silly idealTree ├── is-jpg@1.0.0
19 silly idealTree ├── is-nan-x@1.0.3
19 silly idealTree ├── is-natural-number@2.1.1
19 silly idealTree ├── is-nil-x@1.4.2
19 silly idealTree ├─┬ is-number@3.0.0
19 silly idealTree │ └─┬ kind-of@3.2.2
19 silly idealTree │   └── is-buffer@1.1.6
19 silly idealTree ├── is-obj@1.0.1
19 silly idealTree ├─┬ is-object-like-x@1.7.1
19 silly idealTree │ └── is-primitive@3.0.0
19 silly idealTree ├── is-plain-object@2.0.4
19 silly idealTree ├── is-png@1.1.0
19 silly idealTree ├── is-posix-bracket@0.1.1
19 silly idealTree ├── is-primitive@2.0.0
19 silly idealTree ├── is-redirect@1.0.0
19 silly idealTree ├── is-regex@1.0.4
19 silly idealTree ├── is-relative@1.0.0
19 silly idealTree ├── is-retry-allowed@1.1.0
19 silly idealTree ├── is-stream@1.1.0
19 silly idealTree ├── is-string@1.0.4
19 silly idealTree ├── is-svg@2.1.0
19 silly idealTree ├── is-symbol@1.0.1
19 silly idealTree ├── is-tar@1.0.0
19 silly idealTree ├── is-typedarray@1.0.0
19 silly idealTree ├── is-unc-path@1.0.0
19 silly idealTree ├── is-url@1.2.2
19 silly idealTree ├── is-utf8@0.2.1
19 silly idealTree ├── is-valid-glob@0.3.0
19 silly idealTree ├── is-windows@1.0.2
19 silly idealTree ├── is-zip@1.0.0
19 silly idealTree ├── isarray@0.0.1
19 silly idealTree ├── isexe@2.0.0
19 silly idealTree ├── isobject@3.0.1
19 silly idealTree ├── isstream@0.1.2
19 silly idealTree ├── jpegtran-bin@3.2.0
19 silly idealTree ├── jquery@3.3.1
19 silly idealTree ├── js-base64@2.4.8
19 silly idealTree ├── js-yaml@3.10.0
19 silly idealTree ├── jsbn@0.1.1
19 silly idealTree ├── json-schema-traverse@0.3.1
19 silly idealTree ├── json-schema@0.2.3
19 silly idealTree ├── json-stable-stringify@1.0.1
19 silly idealTree ├── json-stringify-safe@5.0.1
19 silly idealTree ├── jsonify@0.0.0
19 silly idealTree ├─┬ jsprim@1.4.1
19 silly idealTree │ └── assert-plus@1.0.0
19 silly idealTree ├── kind-of@6.0.2
19 silly idealTree ├── lazy-req@1.1.0
19 silly idealTree ├─┬ lazystream@1.0.0
19 silly idealTree │ ├── isarray@1.0.0
19 silly idealTree │ ├── readable-stream@2.3.4
19 silly idealTree │ └── string_decoder@1.0.3
19 silly idealTree ├── lcid@1.0.0
19 silly idealTree ├── liftoff@2.5.0
19 silly idealTree ├── livereload-js@2.3.0
19 silly idealTree ├─┬ load-json-file@1.1.0
19 silly idealTree │ ├── graceful-fs@4.1.11
19 silly idealTree │ └── strip-bom@2.0.0
19 silly idealTree ├── lodash._baseassign@3.2.0
19 silly idealTree ├── lodash._basecopy@3.0.1
19 silly idealTree ├── lodash._basetostring@3.0.1
19 silly idealTree ├── lodash._basevalues@3.0.0
19 silly idealTree ├── lodash._bindcallback@3.0.1
19 silly idealTree ├── lodash._createassigner@3.1.1
19 silly idealTree ├── lodash._getnative@3.9.1
19 silly idealTree ├── lodash._isiterateecall@3.0.9
19 silly idealTree ├── lodash._reescape@3.0.0
19 silly idealTree ├── lodash._reevaluate@3.0.0
19 silly idealTree ├── lodash._reinterpolate@3.0.0
19 silly idealTree ├── lodash._root@3.0.1
19 silly idealTree ├── lodash.assign@3.2.0
19 silly idealTree ├── lodash.clonedeep@4.5.0
19 silly idealTree ├── lodash.escape@3.2.0
19 silly idealTree ├── lodash.isarguments@3.1.0
19 silly idealTree ├── lodash.isarray@3.0.4
19 silly idealTree ├── lodash.isequal@4.5.0
19 silly idealTree ├── lodash.isnull@3.0.0
19 silly idealTree ├── lodash.keys@3.1.2
19 silly idealTree ├── lodash.mergewith@4.6.1
19 silly idealTree ├── lodash.restparam@3.6.1
19 silly idealTree ├── lodash.template@3.6.2
19 silly idealTree ├── lodash.templatesettings@3.1.1
19 silly idealTree ├── lodash@1.0.2
19 silly idealTree ├── logalot@2.1.0
19 silly idealTree ├── longest@1.0.1
19 silly idealTree ├── loud-rejection@1.6.0
19 silly idealTree ├── lowercase-keys@1.0.0
19 silly idealTree ├── lpad-align@1.1.2
19 silly idealTree ├── lru-cache@2.7.3
19 silly idealTree ├─┬ make-dir@1.2.0
19 silly idealTree │ └── pify@3.0.0
19 silly idealTree ├── make-error-cause@1.2.2
19 silly idealTree ├── make-error@1.3.4
19 silly idealTree ├── make-iterator@1.0.1
19 silly idealTree ├── map-cache@0.2.2
19 silly idealTree ├── map-obj@1.0.1
19 silly idealTree ├── map-stream@0.1.0
19 silly idealTree ├── map-visit@1.0.0
19 silly idealTree ├── math-clamp-x@1.2.0
19 silly idealTree ├── math-sign-x@3.0.0
19 silly idealTree ├── max-safe-integer@1.0.1
19 silly idealTree ├── md5-hex@2.0.0
19 silly idealTree ├── md5-o-matic@0.1.1
19 silly idealTree ├── mdn-data@1.1.0
19 silly idealTree ├── media-typer@0.3.0
19 silly idealTree ├─┬ meow@3.7.0
19 silly idealTree │ └── object-assign@4.1.1
19 silly idealTree ├─┬ merge-stream@1.0.1
19 silly idealTree │ ├── isarray@1.0.0
19 silly idealTree │ ├── readable-stream@2.3.4
19 silly idealTree │ └── string_decoder@1.0.3
19 silly idealTree ├── micromatch@3.1.10
19 silly idealTree ├── mime-db@1.33.0
19 silly idealTree ├── mime-types@2.1.18
19 silly idealTree ├── mini-lr@0.1.9
19 silly idealTree ├── minimatch@2.0.10
19 silly idealTree ├── minimist@1.2.0
19 silly idealTree ├─┬ mixin-deep@1.3.1
19 silly idealTree │ └── is-extendable@1.0.1
19 silly idealTree ├─┬ mkdirp@0.5.1
19 silly idealTree │ └── minimist@0.0.8
19 silly idealTree ├── ms@2.0.0
19 silly idealTree ├── multipipe@0.1.2
19 silly idealTree ├── nan-x@1.0.2
19 silly idealTree ├── nan@2.10.0
19 silly idealTree ├── nanomatch@1.2.13
19 silly idealTree ├── natives@1.1.4
19 silly idealTree ├─┬ node-gyp@3.7.0
19 silly idealTree │ ├── glob@7.1.2
19 silly idealTree │ ├── graceful-fs@4.1.11
19 silly idealTree │ ├── minimatch@3.0.4
19 silly idealTree │ ├── qs@6.4.0
19 silly idealTree │ ├── request@2.81.0
19 silly idealTree │ ├── semver@5.3.0
19 silly idealTree │ └── tunnel-agent@0.6.0
19 silly idealTree ├─┬ node-sass@4.9.2
19 silly idealTree │ ├── cross-spawn@3.0.1
19 silly idealTree │ ├── gaze@1.1.3
19 silly idealTree │ ├── glob@7.1.2
19 silly idealTree │ ├── globule@1.2.1
19 silly idealTree │ ├── lodash.assign@4.2.0
19 silly idealTree │ ├── lodash@4.17.10
19 silly idealTree │ ├── lru-cache@4.1.3
19 silly idealTree │ └── minimatch@3.0.4
19 silly idealTree ├── node-status-codes@1.0.0
19 silly idealTree ├── nopt@3.0.6
19 silly idealTree ├── normalize-package-data@2.4.0
19 silly idealTree ├── normalize-path@2.1.1
19 silly idealTree ├── normalize-range@0.1.2
19 silly idealTree ├── normalize-space-x@3.0.0
19 silly idealTree ├── npm-run-path@2.0.2
19 silly idealTree ├── npmlog@4.1.2
19 silly idealTree ├── nth-check@1.0.1
19 silly idealTree ├── num2fraction@1.2.2
19 silly idealTree ├── number-is-nan@1.0.1
19 silly idealTree ├── oauth-sign@0.8.2
19 silly idealTree ├── object-assign@3.0.0
19 silly idealTree ├─┬ object-copy@0.1.0
19 silly idealTree │ ├── define-property@0.2.5
19 silly idealTree │ └── kind-of@3.2.2
19 silly idealTree ├── object-get-own-property-descriptor-x@3.2.0
19 silly idealTree ├── object-keys@1.0.11
19 silly idealTree ├── object-visit@1.0.1
19 silly idealTree ├── object.defaults@1.1.0
19 silly idealTree ├── object.getownpropertydescriptors@2.0.3
19 silly idealTree ├── object.map@1.0.1
19 silly idealTree ├─┬ object.omit@2.0.1
19 silly idealTree │ └── for-own@0.1.5
19 silly idealTree ├── object.pick@1.3.0
19 silly idealTree ├── object.values@1.0.4
19 silly idealTree ├── on-finished@2.3.0
19 silly idealTree ├── once@1.3.3
19 silly idealTree ├── onetime@1.1.0
19 silly idealTree ├── optipng-bin@3.1.4
19 silly idealTree ├── orchestrator@0.3.8
19 silly idealTree ├── ordered-read-streams@0.1.0
19 silly idealTree ├── os-filter-obj@1.0.3
19 silly idealTree ├── os-homedir@1.0.2
19 silly idealTree ├── os-locale@1.4.0
19 silly idealTree ├── os-tmpdir@1.0.2
19 silly idealTree ├── osenv@0.1.5
19 silly idealTree ├── p-finally@1.0.0
19 silly idealTree ├── p-pipe@1.2.0
19 silly idealTree ├── parse-filepath@1.0.2
19 silly idealTree ├─┬ parse-glob@3.0.4
19 silly idealTree │ ├── is-extglob@1.0.0
19 silly idealTree │ └── is-glob@2.0.1
19 silly idealTree ├── parse-int-x@2.0.0
19 silly idealTree ├── parse-json@2.2.0
19 silly idealTree ├── parse-passwd@1.0.0
19 silly idealTree ├── parseurl@1.3.2
19 silly idealTree ├── pascalcase@0.1.1
19 silly idealTree ├── path-dirname@1.0.2
19 silly idealTree ├── path-exists@3.0.0
19 silly idealTree ├── path-is-absolute@1.0.1
19 silly idealTree ├── path-key@2.0.1
19 silly idealTree ├── path-parse@1.0.5
19 silly idealTree ├── path-root-regex@0.1.2
19 silly idealTree ├── path-root@0.1.1
19 silly idealTree ├─┬ path-type@1.1.0
19 silly idealTree │ └── graceful-fs@4.1.11
19 silly idealTree ├── pause-stream@0.0.11
19 silly idealTree ├── pend@1.2.0
19 silly idealTree ├── performance-now@0.2.0
19 silly idealTree ├── pify@2.3.0
19 silly idealTree ├── pinkie-promise@2.0.1
19 silly idealTree ├── pinkie@2.0.4
19 silly idealTree ├─┬ plugin-error@0.1.2
19 silly idealTree │ ├── arr-diff@1.1.0
19 silly idealTree │ ├── arr-union@2.1.0
19 silly idealTree │ ├── array-slice@0.2.3
19 silly idealTree │ ├── extend-shallow@1.1.4
19 silly idealTree │ └── kind-of@1.1.0
19 silly idealTree ├── plur@2.1.2
19 silly idealTree ├── posix-character-classes@0.1.1
19 silly idealTree ├── postcss-value-parser@3.3.0
19 silly idealTree ├─┬ postcss@6.0.19
19 silly idealTree │ ├── ansi-styles@3.2.0
19 silly idealTree │ ├── chalk@2.3.1
19 silly idealTree │ ├── source-map@0.6.1
19 silly idealTree │ └── supports-color@5.2.0
19 silly idealTree ├── prepend-http@1.0.4
19 silly idealTree ├── preserve@0.2.0
19 silly idealTree ├── pretty-bytes@4.0.2
19 silly idealTree ├── pretty-hrtime@1.0.3
19 silly idealTree ├── process-nextick-args@2.0.0
19 silly idealTree ├── property-is-enumerable-x@1.1.0
19 silly idealTree ├── pseudomap@1.0.2
19 silly idealTree ├── punycode@1.4.1
19 silly idealTree ├── q@1.5.1
19 silly idealTree ├── qs@2.2.5
19 silly idealTree ├─┬ randomatic@1.1.7
19 silly idealTree │ └── kind-of@4.0.0
19 silly idealTree ├─┬ raw-body@2.1.7
19 silly idealTree │ └── bytes@2.4.0
19 silly idealTree ├── rc@1.2.5
19 silly idealTree ├─┬ read-all-stream@3.1.0
19 silly idealTree │ ├── isarray@1.0.0
19 silly idealTree │ ├── readable-stream@2.3.4
19 silly idealTree │ └── string_decoder@1.0.3
19 silly idealTree ├── read-pkg-up@1.0.1
19 silly idealTree ├── read-pkg@1.1.0
19 silly idealTree ├── readable-stream@1.1.14
19 silly idealTree ├── rechoir@0.6.2
19 silly idealTree ├── redent@1.0.0
19 silly idealTree ├── regex-cache@0.4.4
19 silly idealTree ├── regex-not@1.0.2
19 silly idealTree ├── remove-trailing-separator@1.1.0
19 silly idealTree ├── repeat-element@1.1.2
19 silly idealTree ├── repeat-string@1.6.1
19 silly idealTree ├── repeating@2.0.1
19 silly idealTree ├── replace-comments-x@2.0.0
19 silly idealTree ├── replace-ext@0.0.1
19 silly idealTree ├─┬ request@2.87.0
19 silly idealTree │ ├── ajv@5.5.2
19 silly idealTree │ ├── assert-plus@1.0.0
19 silly idealTree │ ├── aws-sign2@0.7.0
19 silly idealTree │ ├── co@4.6.0
19 silly idealTree │ ├── form-data@2.3.2
19 silly idealTree │ ├── har-schema@2.0.0
19 silly idealTree │ ├── har-validator@5.0.3
19 silly idealTree │ ├── http-signature@1.2.0
19 silly idealTree │ ├── performance-now@2.1.0
19 silly idealTree │ ├── qs@6.5.2
19 silly idealTree │ └── tunnel-agent@0.6.0
19 silly idealTree ├── require-coercible-to-string-x@1.0.2
19 silly idealTree ├── require-directory@2.1.1
19 silly idealTree ├── require-main-filename@1.0.1
19 silly idealTree ├── require-object-coercible-x@1.4.3
19 silly idealTree ├── resolve-dir@1.0.1
19 silly idealTree ├── resolve-url@0.2.1
19 silly idealTree ├── resolve@1.8.1
19 silly idealTree ├── ret@0.1.15
19 silly idealTree ├─┬ rimraf@2.6.2
19 silly idealTree │ ├── glob@7.1.2
19 silly idealTree │ └── minimatch@3.0.4
19 silly idealTree ├── safe-buffer@5.1.1
19 silly idealTree ├── safe-regex@1.1.0
19 silly idealTree ├── safer-buffer@2.1.2
19 silly idealTree ├─┬ sass-graph@2.2.4
19 silly idealTree │ ├── glob@7.1.2
19 silly idealTree │ ├── lodash@4.17.10
19 silly idealTree │ └── minimatch@3.0.4
19 silly idealTree ├── sax@1.2.4
19 silly idealTree ├─┬ scss-tokenizer@0.2.3
19 silly idealTree │ └── source-map@0.4.4
19 silly idealTree ├─┬ seek-bzip@1.0.5
19 silly idealTree │ └── commander@2.8.1
19 silly idealTree ├── semver-regex@1.0.0
19 silly idealTree ├─┬ semver-truncate@1.1.2
19 silly idealTree │ └── semver@5.5.0
19 silly idealTree ├── semver@4.3.6
19 silly idealTree ├── sequencify@0.0.7
19 silly idealTree ├── set-blocking@2.0.0
19 silly idealTree ├── set-immediate-shim@1.0.1
19 silly idealTree ├─┬ set-value@2.0.0
19 silly idealTree │ └── extend-shallow@2.0.1
19 silly idealTree ├── shebang-command@1.2.0
19 silly idealTree ├── shebang-regex@1.0.0
19 silly idealTree ├── sigmund@1.0.1
19 silly idealTree ├── signal-exit@3.0.2
19 silly idealTree ├─┬ snapdragon-node@2.1.1
19 silly idealTree │ ├── define-property@1.0.0
19 silly idealTree │ ├── is-accessor-descriptor@1.0.0
19 silly idealTree │ ├── is-data-descriptor@1.0.0
19 silly idealTree │ └── is-descriptor@1.0.2
19 silly idealTree ├─┬ snapdragon-util@3.0.1
19 silly idealTree │ └── kind-of@3.2.2
19 silly idealTree ├─┬ snapdragon@0.8.2
19 silly idealTree │ ├── define-property@0.2.5
19 silly idealTree │ └── extend-shallow@2.0.1
19 silly idealTree ├── sntp@1.0.9
19 silly idealTree ├── source-map-resolve@0.5.2
19 silly idealTree ├── source-map-url@0.4.0
19 silly idealTree ├── source-map@0.5.7
19 silly idealTree ├── sparkles@1.0.0
19 silly idealTree ├── spdx-correct@3.0.0
19 silly idealTree ├── spdx-exceptions@2.1.0
19 silly idealTree ├── spdx-expression-parse@3.0.0
19 silly idealTree ├── spdx-license-ids@3.0.0
19 silly idealTree ├── split-string@3.1.0
19 silly idealTree ├── split@0.3.3
19 silly idealTree ├── sprintf-js@1.0.3
19 silly idealTree ├── squeak@1.3.0
19 silly idealTree ├─┬ sshpk@1.14.2
19 silly idealTree │ └── assert-plus@1.0.0
19 silly idealTree ├── stable@0.1.6
19 silly idealTree ├── stat-mode@0.2.2
19 silly idealTree ├─┬ static-extend@0.1.2
19 silly idealTree │ └── define-property@0.2.5
19 silly idealTree ├── statuses@1.4.0
19 silly idealTree ├─┬ stdout-stream@1.4.0
19 silly idealTree │ ├── isarray@1.0.0
19 silly idealTree │ ├── readable-stream@2.3.6
19 silly idealTree │ └── string_decoder@1.1.1
19 silly idealTree ├── stream-combiner@0.0.4
19 silly idealTree ├─┬ stream-combiner2@1.1.1
19 silly idealTree │ ├── duplexer2@0.1.4
19 silly idealTree │ ├── isarray@1.0.0
19 silly idealTree │ ├── readable-stream@2.3.4
19 silly idealTree │ └── string_decoder@1.0.3
19 silly idealTree ├── stream-consume@0.1.1
19 silly idealTree ├── stream-shift@1.0.0
19 silly idealTree ├── string_decoder@0.10.31
19 silly idealTree ├── string-width@1.0.2
19 silly idealTree ├── stringstream@0.0.6
19 silly idealTree ├── strip-ansi@3.0.1
19 silly idealTree ├─┬ strip-bom-stream@1.0.0
19 silly idealTree │ └── strip-bom@2.0.0
19 silly idealTree ├── strip-bom@1.0.0
19 silly idealTree ├─┬ strip-dirs@1.1.1
19 silly idealTree │ ├── is-absolute@0.1.7
19 silly idealTree │ └── is-relative@0.1.3
19 silly idealTree ├── strip-eof@1.0.0
19 silly idealTree ├── strip-indent@1.0.1
19 silly idealTree ├── strip-json-comments@2.0.1
19 silly idealTree ├── strip-outer@1.0.0
19 silly idealTree ├── sum-up@1.0.3
19 silly idealTree ├── supports-color@2.0.0
19 silly idealTree ├── svgo@1.0.5
19 silly idealTree ├─┬ tar-stream@1.5.5
19 silly idealTree │ ├── end-of-stream@1.4.1
19 silly idealTree │ ├── isarray@1.0.0
19 silly idealTree │ ├── once@1.4.0
19 silly idealTree │ ├── readable-stream@2.3.4
19 silly idealTree │ └── string_decoder@1.0.3
19 silly idealTree ├── tar@2.2.1
19 silly idealTree ├── temp-dir@1.0.0
19 silly idealTree ├── tempfile@2.0.0
19 silly idealTree ├── through@2.3.8
19 silly idealTree ├── through2-concurrent@1.1.1
19 silly idealTree ├── through2-filter@2.0.0
19 silly idealTree ├─┬ through2@2.0.3
19 silly idealTree │ ├── isarray@1.0.0
19 silly idealTree │ ├── readable-stream@2.3.4
19 silly idealTree │ └── string_decoder@1.0.3
19 silly idealTree ├── tildify@1.2.0
19 silly idealTree ├── time-stamp@1.1.0
19 silly idealTree ├── timed-out@3.1.3
19 silly idealTree ├─┬ to-absolute-glob@0.1.1
19 silly idealTree │ └── extend-shallow@2.0.1
19 silly idealTree ├── to-boolean-x@1.0.3
19 silly idealTree ├── to-integer-x@3.0.0
19 silly idealTree ├── to-number-x@2.0.0
19 silly idealTree ├─┬ to-object-path@0.3.0
19 silly idealTree │ └── kind-of@3.2.2
19 silly idealTree ├── to-object-x@1.5.0
19 silly idealTree ├── to-primitive-x@1.1.0
19 silly idealTree ├── to-property-key-x@2.0.2
19 silly idealTree ├── to-regex-range@2.1.1
19 silly idealTree ├── to-regex@3.0.2
19 silly idealTree ├── to-string-symbols-supported-x@1.0.2
19 silly idealTree ├── to-string-tag-x@1.4.3
19 silly idealTree ├── to-string-x@1.4.5
19 silly idealTree ├── tough-cookie@2.3.4
19 silly idealTree ├── trim-left-x@3.0.0
19 silly idealTree ├── trim-newlines@1.0.0
19 silly idealTree ├── trim-repeated@1.0.0
19 silly idealTree ├── trim-right-x@3.0.0
19 silly idealTree ├── trim-x@3.0.0
19 silly idealTree ├─┬ true-case-path@1.0.2
19 silly idealTree │ └── glob@6.0.4
19 silly idealTree ├── tunnel-agent@0.4.3
19 silly idealTree ├── tweetnacl@0.14.5
19 silly idealTree ├── type-is@1.6.16
19 silly idealTree ├── typedarray@0.0.6
19 silly idealTree ├─┬ uglify-js@3.4.6
19 silly idealTree │ └── source-map@0.6.1
19 silly idealTree ├── unc-path-regex@0.1.2
19 silly idealTree ├─┬ union-value@1.0.0
19 silly idealTree │ ├── extend-shallow@2.0.1
19 silly idealTree │ └── set-value@0.4.3
19 silly idealTree ├── unique-stream@1.0.0
19 silly idealTree ├── unpipe@1.0.0
19 silly idealTree ├── unquote@1.1.1
19 silly idealTree ├─┬ unset-value@1.0.0
19 silly idealTree │ ├─┬ has-value@0.3.1
19 silly idealTree │ │ └── isobject@2.1.0
19 silly idealTree │ ├── has-values@0.1.4
19 silly idealTree │ └── isarray@1.0.0
19 silly idealTree ├── unzip-response@1.0.2
19 silly idealTree ├── urix@0.1.0
19 silly idealTree ├── url-parse-lax@1.0.0
19 silly idealTree ├── url-regex@3.2.0
19 silly idealTree ├── use@3.1.1
19 silly idealTree ├── user-home@1.1.1
19 silly idealTree ├── util-deprecate@1.0.2
19 silly idealTree ├── util.promisify@1.0.0
19 silly idealTree ├── uuid@3.2.1
19 silly idealTree ├── v8flags@2.1.1
19 silly idealTree ├── vali-date@1.0.0
19 silly idealTree ├── validate-npm-package-license@3.0.3
19 silly idealTree ├── validate.io-undefined@1.0.3
19 silly idealTree ├─┬ verror@1.10.0
19 silly idealTree │ └── assert-plus@1.0.0
19 silly idealTree ├─┬ vinyl-assign@1.2.1
19 silly idealTree │ ├── isarray@1.0.0
19 silly idealTree │ ├── object-assign@4.1.1
19 silly idealTree │ ├── readable-stream@2.3.4
19 silly idealTree │ └── string_decoder@1.0.3
19 silly idealTree ├─┬ vinyl-fs@0.3.14
19 silly idealTree │ ├── clone@0.2.0
19 silly idealTree │ ├── readable-stream@1.0.34
19 silly idealTree │ ├── through2@0.6.5
19 silly idealTree │ └── vinyl@0.4.6
19 silly idealTree ├── vinyl-sourcemaps-apply@0.2.1
19 silly idealTree ├── vinyl@0.5.3
19 silly idealTree ├── ware@1.3.0
19 silly idealTree ├── websocket-driver@0.7.0
19 silly idealTree ├── websocket-extensions@0.1.3
19 silly idealTree ├── which-module@1.0.0
19 silly idealTree ├── which@1.3.0
19 silly idealTree ├── white-space-x@3.0.1
19 silly idealTree ├── wide-align@1.1.3
19 silly idealTree ├── wrap-ansi@2.1.0
19 silly idealTree ├── wrap-fn@0.1.5
19 silly idealTree ├── wrappy@1.0.2
19 silly idealTree ├── xtend@4.0.1
19 silly idealTree ├── y18n@3.2.1
19 silly idealTree ├── yallist@2.1.2
19 silly idealTree ├─┬ yargs-parser@5.0.0
19 silly idealTree │ └── camelcase@3.0.0
19 silly idealTree ├─┬ yargs@7.1.0
19 silly idealTree │ └── camelcase@3.0.0
19 silly idealTree └── yauzl@2.9.1
20 silly generateActionsToTake Starting
21 silly dedupe generateActionsToTake
22 silly hoist Starting
23 silly hoist Finishing
24 silly sort-actions Starting
25 silly sort-actions Finishing
26 warn checkPermissions Missing write access to /home/mohan/D/CODING/MyCodes/node_modules/braces/node_modules
27 warn checkPermissions Missing write access to /home/mohan/D/CODING/MyCodes/node_modules/gulp-autoprefixer/node_modules
28 warn checkPermissions Missing write access to /home/mohan/D/CODING/MyCodes/node_modules/gulp-imagemin/node_modules
29 warn checkPermissions Missing write access to /home/mohan/D/CODING/MyCodes/node_modules/gulp-livereload/node_modules
30 warn checkPermissions Missing write access to /home/mohan/D/CODING/MyCodes/node_modules/gulp-ruby-sass/node_modules
31 warn checkPermissions Missing write access to /home/mohan/D/CODING/MyCodes/node_modules/is-number/node_modules/kind-of/node_modules
32 warn checkPermissions Missing write access to /home/mohan/D/CODING/MyCodes/node_modules/snapdragon/node_modules
33 silly rollbackFailedOptional Starting
34 silly rollbackFailedOptional Finishing
35 silly runTopLevelLifecycles Starting
36 silly runTopLevelLifecycles Finishing
37 silly install printInstalled
38 verbose stack Error: EACCES: permission denied, access '/home/mohan/D/CODING/MyCodes/node_modules/braces/node_modules'
39 verbose cwd /home/mohan/D/CODING/MyCodes
40 error Linux 4.15.0-29-generic
41 error argv "/usr/bin/node" "/usr/bin/npm" "dedupe"
42 error node v8.10.0
43 error npm  v3.5.2
44 error path /home/mohan/D/CODING/MyCodes/node_modules/braces/node_modules
45 error code EACCES
46 error errno -13
47 error syscall access
48 error Error: EACCES: permission denied, access '/home/mohan/D/CODING/MyCodes/node_modules/braces/node_modules'
48 error  { Error: EACCES: permission denied, access '/home/mohan/D/CODING/MyCodes/node_modules/braces/node_modules'
48 error   errno: -13,
48 error   code: 'EACCES',
48 error   syscall: 'access',
48 error   path: '/home/mohan/D/CODING/MyCodes/node_modules/braces/node_modules' }
49 error Please try running this command again as root/Administrator.
50 verbose exit [ -13, true ]
